[    1202ms] [ERROR] Access to manifest at 'https://web3tv2.dev/aitv-site.webmanifest' (redirected from 'https://studio.web3tv2.dev/aitv-site.webmanifest') from origin 'https://studio.web3tv2.dev' has been blocked by CORS policy: No 'Access-Control-Allow-Origin' header is present on the requested resource. @ https://studio.web3tv2.dev/dashboard:0
[    1203ms] [ERROR] Failed to load resource: net::ERR_FAILED @ https://web3tv2.dev/aitv-site.webmanifest:0
[    1420ms] [ERROR] Access to manifest at 'https://web3tv2.dev/aitv-site.webmanifest' (redirected from 'https://studio.web3tv2.dev/aitv-site.webmanifest') from origin 'https://studio.web3tv2.dev' has been blocked by CORS policy: No 'Access-Control-Allow-Origin' header is present on the requested resource. @ https://studio.web3tv2.dev/dashboard:0
[    1420ms] [ERROR] Failed to load resource: net::ERR_FAILED @ https://web3tv2.dev/aitv-site.webmanifest:0
[    5676ms] [WARNING] The resource https://fonts.reown.com/KHTeka-Medium.woff2 was preloaded using link preload but not used within a few seconds from the window's load event. Please make sure it has an appropriate `as` value and it is preloaded intentionally. @ https://studio.web3tv2.dev/dashboard:0
[    9368ms] [WARNING] The resource https://fonts.reown.com/KHTeka-Medium.woff2 was preloaded using link preload but not used within a few seconds from the window's load event. Please make sure it has an appropriate `as` value and it is preloaded intentionally. @ https://studio.web3tv2.dev/dashboard:0
[   14538ms] [WARNING] The resource https://fonts.reown.com/KHTeka-Medium.woff2 was preloaded using link preload but not used within a few seconds from the window's load event. Please make sure it has an appropriate `as` value and it is preloaded intentionally. @ https://studio.web3tv2.dev/dashboard:0
[   73761ms] [ERROR] Access to fetch at 'https://web3tv2.dev/community-guidelines' (redirected from 'https://studio.web3tv2.dev/community-guidelines?_rsc=yvxl6') from origin 'https://studio.web3tv2.dev' has been blocked by CORS policy: Response to preflight request doesn't pass access control check: No 'Access-Control-Allow-Origin' header is present on the requested resource. @ https://studio.web3tv2.dev/dashboard:0
[   73761ms] [ERROR] Failed to load resource: net::ERR_FAILED @ https://web3tv2.dev/community-guidelines:0
[   76762ms] [WARNING] The resource https://fonts.reown.com/KHTeka-Medium.woff2 was preloaded using link preload but not used within a few seconds from the window's load event. Please make sure it has an appropriate `as` value and it is preloaded intentionally. @ https://studio.web3tv2.dev/dashboard:0
[  111269ms] [WARNING] The resource https://fonts.reown.com/KHTeka-Medium.woff2 was preloaded using link preload but not used within a few seconds from the window's load event. Please make sure it has an appropriate `as` value and it is preloaded intentionally. @ https://studio.web3tv2.dev/dashboard:0
[  121309ms] [WARNING] The resource https://fonts.reown.com/KHTeka-Medium.woff2 was preloaded using link preload but not used within a few seconds from the window's load event. Please make sure it has an appropriate `as` value and it is preloaded intentionally. @ https://studio.web3tv2.dev/dashboard:0
[  131503ms] [WARNING] The resource https://fonts.reown.com/KHTeka-Medium.woff2 was preloaded using link preload but not used within a few seconds from the window's load event. Please make sure it has an appropriate `as` value and it is preloaded intentionally. @ https://studio.web3tv2.dev/dashboard:0
[  141717ms] [WARNING] The resource https://fonts.reown.com/KHTeka-Medium.woff2 was preloaded using link preload but not used within a few seconds from the window's load event. Please make sure it has an appropriate `as` value and it is preloaded intentionally. @ https://studio.web3tv2.dev/dashboard:0
[  237612ms] [WARNING] The resource https://fonts.reown.com/KHTeka-Medium.woff2 was preloaded using link preload but not used within a few seconds from the window's load event. Please make sure it has an appropriate `as` value and it is preloaded intentionally. @ https://studio.web3tv2.dev/dashboard:0
[  291154ms] [WARNING] The resource https://fonts.reown.com/KHTeka-Medium.woff2 was preloaded using link preload but not used within a few seconds from the window's load event. Please make sure it has an appropriate `as` value and it is preloaded intentionally. @ https://studio.web3tv2.dev/dashboard:0
[  296343ms] [WARNING] The resource https://fonts.reown.com/KHTeka-Medium.woff2 was preloaded using link preload but not used within a few seconds from the window's load event. Please make sure it has an appropriate `as` value and it is preloaded intentionally. @ https://studio.web3tv2.dev/dashboard:0
[  328456ms] [WARNING] The resource https://fonts.reown.com/KHTeka-Medium.woff2 was preloaded using link preload but not used within a few seconds from the window's load event. Please make sure it has an appropriate `as` value and it is preloaded intentionally. @ https://studio.web3tv2.dev/dashboard:0
[  357412ms] [WARNING] The resource https://fonts.reown.com/KHTeka-Medium.woff2 was preloaded using link preload but not used within a few seconds from the window's load event. Please make sure it has an appropriate `as` value and it is preloaded intentionally. @ https://studio.web3tv2.dev/dashboard:0
[  477446ms] [WARNING] The resource https://fonts.reown.com/KHTeka-Medium.woff2 was preloaded using link preload but not used within a few seconds from the window's load event. Please make sure it has an appropriate `as` value and it is preloaded intentionally. @ https://studio.web3tv2.dev/dashboard:0
[  597397ms] [WARNING] The resource https://fonts.reown.com/KHTeka-Medium.woff2 was preloaded using link preload but not used within a few seconds from the window's load event. Please make sure it has an appropriate `as` value and it is preloaded intentionally. @ https://studio.web3tv2.dev/dashboard:0
[  717406ms] [WARNING] The resource https://fonts.reown.com/KHTeka-Medium.woff2 was preloaded using link preload but not used within a few seconds from the window's load event. Please make sure it has an appropriate `as` value and it is preloaded intentionally. @ https://studio.web3tv2.dev/dashboard:0
[  837431ms] [WARNING] The resource https://fonts.reown.com/KHTeka-Medium.woff2 was preloaded using link preload but not used within a few seconds from the window's load event. Please make sure it has an appropriate `as` value and it is preloaded intentionally. @ https://studio.web3tv2.dev/dashboard:0
[  957382ms] [WARNING] The resource https://fonts.reown.com/KHTeka-Medium.woff2 was preloaded using link preload but not used within a few seconds from the window's load event. Please make sure it has an appropriate `as` value and it is preloaded intentionally. @ https://studio.web3tv2.dev/dashboard:0
[ 1077674ms] [WARNING] The resource https://fonts.reown.com/KHTeka-Medium.woff2 was preloaded using link preload but not used within a few seconds from the window's load event. Please make sure it has an appropriate `as` value and it is preloaded intentionally. @ https://studio.web3tv2.dev/dashboard:0
[ 1197406ms] [WARNING] The resource https://fonts.reown.com/KHTeka-Medium.woff2 was preloaded using link preload but not used within a few seconds from the window's load event. Please make sure it has an appropriate `as` value and it is preloaded intentionally. @ https://studio.web3tv2.dev/dashboard:0
[ 1317368ms] [WARNING] The resource https://fonts.reown.com/KHTeka-Medium.woff2 was preloaded using link preload but not used within a few seconds from the window's load event. Please make sure it has an appropriate `as` value and it is preloaded intentionally. @ https://studio.web3tv2.dev/dashboard:0
[ 1437369ms] [WARNING] The resource https://fonts.reown.com/KHTeka-Medium.woff2 was preloaded using link preload but not used within a few seconds from the window's load event. Please make sure it has an appropriate `as` value and it is preloaded intentionally. @ https://studio.web3tv2.dev/dashboard:0
[ 1557370ms] [WARNING] The resource https://fonts.reown.com/KHTeka-Medium.woff2 was preloaded using link preload but not used within a few seconds from the window's load event. Please make sure it has an appropriate `as` value and it is preloaded intentionally. @ https://studio.web3tv2.dev/dashboard:0
[ 1677361ms] [WARNING] The resource https://fonts.reown.com/KHTeka-Medium.woff2 was preloaded using link preload but not used within a few seconds from the window's load event. Please make sure it has an appropriate `as` value and it is preloaded intentionally. @ https://studio.web3tv2.dev/dashboard:0
[ 1797499ms] [WARNING] The resource https://fonts.reown.com/KHTeka-Medium.woff2 was preloaded using link preload but not used within a few seconds from the window's load event. Please make sure it has an appropriate `as` value and it is preloaded intentionally. @ https://studio.web3tv2.dev/dashboard:0
[ 1917371ms] [WARNING] The resource https://fonts.reown.com/KHTeka-Medium.woff2 was preloaded using link preload but not used within a few seconds from the window's load event. Please make sure it has an appropriate `as` value and it is preloaded intentionally. @ https://studio.web3tv2.dev/dashboard:0
[ 2037432ms] [WARNING] The resource https://fonts.reown.com/KHTeka-Medium.woff2 was preloaded using link preload but not used within a few seconds from the window's load event. Please make sure it has an appropriate `as` value and it is preloaded intentionally. @ https://studio.web3tv2.dev/dashboard:0
[ 2157468ms] [WARNING] The resource https://fonts.reown.com/KHTeka-Medium.woff2 was preloaded using link preload but not used within a few seconds from the window's load event. Please make sure it has an appropriate `as` value and it is preloaded intentionally. @ https://studio.web3tv2.dev/dashboard:0
[ 2277428ms] [WARNING] The resource https://fonts.reown.com/KHTeka-Medium.woff2 was preloaded using link preload but not used within a few seconds from the window's load event. Please make sure it has an appropriate `as` value and it is preloaded intentionally. @ https://studio.web3tv2.dev/dashboard:0
[ 2397410ms] [WARNING] The resource https://fonts.reown.com/KHTeka-Medium.woff2 was preloaded using link preload but not used within a few seconds from the window's load event. Please make sure it has an appropriate `as` value and it is preloaded intentionally. @ https://studio.web3tv2.dev/dashboard:0
[ 2517539ms] [WARNING] The resource https://fonts.reown.com/KHTeka-Medium.woff2 was preloaded using link preload but not used within a few seconds from the window's load event. Please make sure it has an appropriate `as` value and it is preloaded intentionally. @ https://studio.web3tv2.dev/dashboard:0
[ 2637405ms] [WARNING] The resource https://fonts.reown.com/KHTeka-Medium.woff2 was preloaded using link preload but not used within a few seconds from the window's load event. Please make sure it has an appropriate `as` value and it is preloaded intentionally. @ https://studio.web3tv2.dev/dashboard:0
[ 2757416ms] [WARNING] The resource https://fonts.reown.com/KHTeka-Medium.woff2 was preloaded using link preload but not used within a few seconds from the window's load event. Please make sure it has an appropriate `as` value and it is preloaded intentionally. @ https://studio.web3tv2.dev/dashboard:0
[ 2877425ms] [WARNING] The resource https://fonts.reown.com/KHTeka-Medium.woff2 was preloaded using link preload but not used within a few seconds from the window's load event. Please make sure it has an appropriate `as` value and it is preloaded intentionally. @ https://studio.web3tv2.dev/dashboard:0
[ 2997414ms] [WARNING] The resource https://fonts.reown.com/KHTeka-Medium.woff2 was preloaded using link preload but not used within a few seconds from the window's load event. Please make sure it has an appropriate `as` value and it is preloaded intentionally. @ https://studio.web3tv2.dev/dashboard:0
[ 3117430ms] [WARNING] The resource https://fonts.reown.com/KHTeka-Medium.woff2 was preloaded using link preload but not used within a few seconds from the window's load event. Please make sure it has an appropriate `as` value and it is preloaded intentionally. @ https://studio.web3tv2.dev/dashboard:0
[ 3237427ms] [WARNING] The resource https://fonts.reown.com/KHTeka-Medium.woff2 was preloaded using link preload but not used within a few seconds from the window's load event. Please make sure it has an appropriate `as` value and it is preloaded intentionally. @ https://studio.web3tv2.dev/dashboard:0
[ 3357853ms] [WARNING] The resource https://fonts.reown.com/KHTeka-Medium.woff2 was preloaded using link preload but not used within a few seconds from the window's load event. Please make sure it has an appropriate `as` value and it is preloaded intentionally. @ https://studio.web3tv2.dev/dashboard:0
[ 3477427ms] [WARNING] The resource https://fonts.reown.com/KHTeka-Medium.woff2 was preloaded using link preload but not used within a few seconds from the window's load event. Please make sure it has an appropriate `as` value and it is preloaded intentionally. @ https://studio.web3tv2.dev/dashboard:0
[ 3597452ms] [WARNING] The resource https://fonts.reown.com/KHTeka-Medium.woff2 was preloaded using link preload but not used within a few seconds from the window's load event. Please make sure it has an appropriate `as` value and it is preloaded intentionally. @ https://studio.web3tv2.dev/dashboard:0
[ 3717451ms] [WARNING] The resource https://fonts.reown.com/KHTeka-Medium.woff2 was preloaded using link preload but not used within a few seconds from the window's load event. Please make sure it has an appropriate `as` value and it is preloaded intentionally. @ https://studio.web3tv2.dev/dashboard:0
[ 3837456ms] [WARNING] The resource https://fonts.reown.com/KHTeka-Medium.woff2 was preloaded using link preload but not used within a few seconds from the window's load event. Please make sure it has an appropriate `as` value and it is preloaded intentionally. @ https://studio.web3tv2.dev/dashboard:0
[ 3957489ms] [WARNING] The resource https://fonts.reown.com/KHTeka-Medium.woff2 was preloaded using link preload but not used within a few seconds from the window's load event. Please make sure it has an appropriate `as` value and it is preloaded intentionally. @ https://studio.web3tv2.dev/dashboard:0
[ 4077568ms] [WARNING] The resource https://fonts.reown.com/KHTeka-Medium.woff2 was preloaded using link preload but not used within a few seconds from the window's load event. Please make sure it has an appropriate `as` value and it is preloaded intentionally. @ https://studio.web3tv2.dev/dashboard:0
[ 4112191ms] [ERROR] Access to manifest at 'https://web3tv2.dev/aitv-site.webmanifest' (redirected from 'https://studio.web3tv2.dev/aitv-site.webmanifest') from origin 'https://studio.web3tv2.dev' has been blocked by CORS policy: No 'Access-Control-Allow-Origin' header is present on the requested resource. @ https://studio.web3tv2.dev/dashboard:0
[ 4112192ms] [ERROR] Failed to load resource: net::ERR_FAILED @ https://web3tv2.dev/aitv-site.webmanifest:0
[ 4113441ms] [ERROR] Access to fetch at 'https://web3tv2.dev/community-guidelines' (redirected from 'https://studio.web3tv2.dev/community-guidelines?_rsc=yvxl6') from origin 'https://studio.web3tv2.dev' has been blocked by CORS policy: Response to preflight request doesn't pass access control check: No 'Access-Control-Allow-Origin' header is present on the requested resource. @ https://studio.web3tv2.dev/dashboard:0
[ 4113441ms] [ERROR] Failed to load resource: net::ERR_FAILED @ https://web3tv2.dev/community-guidelines:0
[ 4120024ms] [WARNING] The resource https://fonts.reown.com/KHTeka-Medium.woff2 was preloaded using link preload but not used within a few seconds from the window's load event. Please make sure it has an appropriate `as` value and it is preloaded intentionally. @ https://studio.web3tv2.dev/dashboard:0
[ 4126155ms] [WARNING] The resource https://fonts.reown.com/KHTeka-Medium.woff2 was preloaded using link preload but not used within a few seconds from the window's load event. Please make sure it has an appropriate `as` value and it is preloaded intentionally. @ https://studio.web3tv2.dev/dashboard:0
[ 4136371ms] [WARNING] The resource https://fonts.reown.com/KHTeka-Medium.woff2 was preloaded using link preload but not used within a few seconds from the window's load event. Please make sure it has an appropriate `as` value and it is preloaded intentionally. @ https://studio.web3tv2.dev/dashboard:0
[ 4146553ms] [WARNING] The resource https://fonts.reown.com/KHTeka-Medium.woff2 was preloaded using link preload but not used within a few seconds from the window's load event. Please make sure it has an appropriate `as` value and it is preloaded intentionally. @ https://studio.web3tv2.dev/dashboard:0
[ 4156785ms] [WARNING] The resource https://fonts.reown.com/KHTeka-Medium.woff2 was preloaded using link preload but not used within a few seconds from the window's load event. Please make sure it has an appropriate `as` value and it is preloaded intentionally. @ https://studio.web3tv2.dev/dashboard:0
[ 4166979ms] [WARNING] The resource https://fonts.reown.com/KHTeka-Medium.woff2 was preloaded using link preload but not used within a few seconds from the window's load event. Please make sure it has an appropriate `as` value and it is preloaded intentionally. @ https://studio.web3tv2.dev/dashboard:0
[ 4177159ms] [WARNING] The resource https://fonts.reown.com/KHTeka-Medium.woff2 was preloaded using link preload but not used within a few seconds from the window's load event. Please make sure it has an appropriate `as` value and it is preloaded intentionally. @ https://studio.web3tv2.dev/dashboard:0
[ 4246119ms] [WARNING] The resource https://fonts.reown.com/KHTeka-Medium.woff2 was preloaded using link preload but not used within a few seconds from the window's load event. Please make sure it has an appropriate `as` value and it is preloaded intentionally. @ https://studio.web3tv2.dev/dashboard:0
[ 4366300ms] [WARNING] The resource https://fonts.reown.com/KHTeka-Medium.woff2 was preloaded using link preload but not used within a few seconds from the window's load event. Please make sure it has an appropriate `as` value and it is preloaded intentionally. @ https://studio.web3tv2.dev/dashboard:0
[ 4486351ms] [WARNING] The resource https://fonts.reown.com/KHTeka-Medium.woff2 was preloaded using link preload but not used within a few seconds from the window's load event. Please make sure it has an appropriate `as` value and it is preloaded intentionally. @ https://studio.web3tv2.dev/dashboard:0
[ 4606298ms] [WARNING] The resource https://fonts.reown.com/KHTeka-Medium.woff2 was preloaded using link preload but not used within a few seconds from the window's load event. Please make sure it has an appropriate `as` value and it is preloaded intentionally. @ https://studio.web3tv2.dev/dashboard:0
[ 4726405ms] [WARNING] The resource https://fonts.reown.com/KHTeka-Medium.woff2 was preloaded using link preload but not used within a few seconds from the window's load event. Please make sure it has an appropriate `as` value and it is preloaded intentionally. @ https://studio.web3tv2.dev/dashboard:0
[ 4848453ms] [WARNING] The resource https://fonts.reown.com/KHTeka-Medium.woff2 was preloaded using link preload but not used within a few seconds from the window's load event. Please make sure it has an appropriate `as` value and it is preloaded intentionally. @ https://studio.web3tv2.dev/dashboard:0
[ 4966329ms] [WARNING] The resource https://fonts.reown.com/KHTeka-Medium.woff2 was preloaded using link preload but not used within a few seconds from the window's load event. Please make sure it has an appropriate `as` value and it is preloaded intentionally. @ https://studio.web3tv2.dev/dashboard:0
[ 5086317ms] [WARNING] The resource https://fonts.reown.com/KHTeka-Medium.woff2 was preloaded using link preload but not used within a few seconds from the window's load event. Please make sure it has an appropriate `as` value and it is preloaded intentionally. @ https://studio.web3tv2.dev/dashboard:0
[ 5206298ms] [WARNING] The resource https://fonts.reown.com/KHTeka-Medium.woff2 was preloaded using link preload but not used within a few seconds from the window's load event. Please make sure it has an appropriate `as` value and it is preloaded intentionally. @ https://studio.web3tv2.dev/dashboard:0
[ 5326296ms] [WARNING] The resource https://fonts.reown.com/KHTeka-Medium.woff2 was preloaded using link preload but not used within a few seconds from the window's load event. Please make sure it has an appropriate `as` value and it is preloaded intentionally. @ https://studio.web3tv2.dev/dashboard:0
[ 5446299ms] [WARNING] The resource https://fonts.reown.com/KHTeka-Medium.woff2 was preloaded using link preload but not used within a few seconds from the window's load event. Please make sure it has an appropriate `as` value and it is preloaded intentionally. @ https://studio.web3tv2.dev/dashboard:0
[ 5566311ms] [WARNING] The resource https://fonts.reown.com/KHTeka-Medium.woff2 was preloaded using link preload but not used within a few seconds from the window's load event. Please make sure it has an appropriate `as` value and it is preloaded intentionally. @ https://studio.web3tv2.dev/dashboard:0
[ 5686301ms] [WARNING] The resource https://fonts.reown.com/KHTeka-Medium.woff2 was preloaded using link preload but not used within a few seconds from the window's load event. Please make sure it has an appropriate `as` value and it is preloaded intentionally. @ https://studio.web3tv2.dev/dashboard:0
[ 5806334ms] [WARNING] The resource https://fonts.reown.com/KHTeka-Medium.woff2 was preloaded using link preload but not used within a few seconds from the window's load event. Please make sure it has an appropriate `as` value and it is preloaded intentionally. @ https://studio.web3tv2.dev/dashboard:0
[ 5926335ms] [WARNING] The resource https://fonts.reown.com/KHTeka-Medium.woff2 was preloaded using link preload but not used within a few seconds from the window's load event. Please make sure it has an appropriate `as` value and it is preloaded intentionally. @ https://studio.web3tv2.dev/dashboard:0
[ 6046366ms] [WARNING] The resource https://fonts.reown.com/KHTeka-Medium.woff2 was preloaded using link preload but not used within a few seconds from the window's load event. Please make sure it has an appropriate `as` value and it is preloaded intentionally. @ https://studio.web3tv2.dev/dashboard:0
[ 6167073ms] [WARNING] The resource https://fonts.reown.com/KHTeka-Medium.woff2 was preloaded using link preload but not used within a few seconds from the window's load event. Please make sure it has an appropriate `as` value and it is preloaded intentionally. @ https://studio.web3tv2.dev/dashboard:0
[ 6286328ms] [WARNING] The resource https://fonts.reown.com/KHTeka-Medium.woff2 was preloaded using link preload but not used within a few seconds from the window's load event. Please make sure it has an appropriate `as` value and it is preloaded intentionally. @ https://studio.web3tv2.dev/dashboard:0
[ 6406326ms] [WARNING] The resource https://fonts.reown.com/KHTeka-Medium.woff2 was preloaded using link preload but not used within a few seconds from the window's load event. Please make sure it has an appropriate `as` value and it is preloaded intentionally. @ https://studio.web3tv2.dev/dashboard:0
[ 6526327ms] [WARNING] The resource https://fonts.reown.com/KHTeka-Medium.woff2 was preloaded using link preload but not used within a few seconds from the window's load event. Please make sure it has an appropriate `as` value and it is preloaded intentionally. @ https://studio.web3tv2.dev/dashboard:0
[ 6646325ms] [WARNING] The resource https://fonts.reown.com/KHTeka-Medium.woff2 was preloaded using link preload but not used within a few seconds from the window's load event. Please make sure it has an appropriate `as` value and it is preloaded intentionally. @ https://studio.web3tv2.dev/dashboard:0
[ 6766793ms] [WARNING] The resource https://fonts.reown.com/KHTeka-Medium.woff2 was preloaded using link preload but not used within a few seconds from the window's load event. Please make sure it has an appropriate `as` value and it is preloaded intentionally. @ https://studio.web3tv2.dev/dashboard:0
[ 6886317ms] [WARNING] The resource https://fonts.reown.com/KHTeka-Medium.woff2 was preloaded using link preload but not used within a few seconds from the window's load event. Please make sure it has an appropriate `as` value and it is preloaded intentionally. @ https://studio.web3tv2.dev/dashboard:0
[ 7006336ms] [WARNING] The resource https://fonts.reown.com/KHTeka-Medium.woff2 was preloaded using link preload but not used within a few seconds from the window's load event. Please make sure it has an appropriate `as` value and it is preloaded intentionally. @ https://studio.web3tv2.dev/dashboard:0
[ 7126326ms] [WARNING] The resource https://fonts.reown.com/KHTeka-Medium.woff2 was preloaded using link preload but not used within a few seconds from the window's load event. Please make sure it has an appropriate `as` value and it is preloaded intentionally. @ https://studio.web3tv2.dev/dashboard:0
[ 7246358ms] [WARNING] The resource https://fonts.reown.com/KHTeka-Medium.woff2 was preloaded using link preload but not used within a few seconds from the window's load event. Please make sure it has an appropriate `as` value and it is preloaded intentionally. @ https://studio.web3tv2.dev/dashboard:0
[ 7368461ms] [WARNING] The resource https://fonts.reown.com/KHTeka-Medium.woff2 was preloaded using link preload but not used within a few seconds from the window's load event. Please make sure it has an appropriate `as` value and it is preloaded intentionally. @ https://studio.web3tv2.dev/dashboard:0
[ 7486351ms] [WARNING] The resource https://fonts.reown.com/KHTeka-Medium.woff2 was preloaded using link preload but not used within a few seconds from the window's load event. Please make sure it has an appropriate `as` value and it is preloaded intentionally. @ https://studio.web3tv2.dev/dashboard:0
[ 7606491ms] [WARNING] The resource https://fonts.reown.com/KHTeka-Medium.woff2 was preloaded using link preload but not used within a few seconds from the window's load event. Please make sure it has an appropriate `as` value and it is preloaded intentionally. @ https://studio.web3tv2.dev/dashboard:0
[ 7726337ms] [WARNING] The resource https://fonts.reown.com/KHTeka-Medium.woff2 was preloaded using link preload but not used within a few seconds from the window's load event. Please make sure it has an appropriate `as` value and it is preloaded intentionally. @ https://studio.web3tv2.dev/dashboard:0
[ 7846404ms] [WARNING] The resource https://fonts.reown.com/KHTeka-Medium.woff2 was preloaded using link preload but not used within a few seconds from the window's load event. Please make sure it has an appropriate `as` value and it is preloaded intentionally. @ https://studio.web3tv2.dev/dashboard:0
[ 7966473ms] [WARNING] The resource https://fonts.reown.com/KHTeka-Medium.woff2 was preloaded using link preload but not used within a few seconds from the window's load event. Please make sure it has an appropriate `as` value and it is preloaded intentionally. @ https://studio.web3tv2.dev/dashboard:0
[ 8086447ms] [WARNING] The resource https://fonts.reown.com/KHTeka-Medium.woff2 was preloaded using link preload but not used within a few seconds from the window's load event. Please make sure it has an appropriate `as` value and it is preloaded intentionally. @ https://studio.web3tv2.dev/dashboard:0
[ 8210370ms] [WARNING] The resource https://fonts.reown.com/KHTeka-Medium.woff2 was preloaded using link preload but not used within a few seconds from the window's load event. Please make sure it has an appropriate `as` value and it is preloaded intentionally. @ https://studio.web3tv2.dev/dashboard:0
[ 8326365ms] [WARNING] The resource https://fonts.reown.com/KHTeka-Medium.woff2 was preloaded using link preload but not used within a few seconds from the window's load event. Please make sure it has an appropriate `as` value and it is preloaded intentionally. @ https://studio.web3tv2.dev/dashboard:0
[ 8446381ms] [WARNING] The resource https://fonts.reown.com/KHTeka-Medium.woff2 was preloaded using link preload but not used within a few seconds from the window's load event. Please make sure it has an appropriate `as` value and it is preloaded intentionally. @ https://studio.web3tv2.dev/dashboard:0
[ 8566362ms] [WARNING] The resource https://fonts.reown.com/KHTeka-Medium.woff2 was preloaded using link preload but not used within a few seconds from the window's load event. Please make sure it has an appropriate `as` value and it is preloaded intentionally. @ https://studio.web3tv2.dev/dashboard:0
[ 8686377ms] [WARNING] The resource https://fonts.reown.com/KHTeka-Medium.woff2 was preloaded using link preload but not used within a few seconds from the window's load event. Please make sure it has an appropriate `as` value and it is preloaded intentionally. @ https://studio.web3tv2.dev/dashboard:0
[ 8806309ms] [WARNING] The resource https://fonts.reown.com/KHTeka-Medium.woff2 was preloaded using link preload but not used within a few seconds from the window's load event. Please make sure it has an appropriate `as` value and it is preloaded intentionally. @ https://studio.web3tv2.dev/dashboard:0
[ 8928753ms] [WARNING] The resource https://fonts.reown.com/KHTeka-Medium.woff2 was preloaded using link preload but not used within a few seconds from the window's load event. Please make sure it has an appropriate `as` value and it is preloaded intentionally. @ https://studio.web3tv2.dev/dashboard:0
[ 9046573ms] [WARNING] The resource https://fonts.reown.com/KHTeka-Medium.woff2 was preloaded using link preload but not used within a few seconds from the window's load event. Please make sure it has an appropriate `as` value and it is preloaded intentionally. @ https://studio.web3tv2.dev/dashboard:0
[ 9166308ms] [WARNING] The resource https://fonts.reown.com/KHTeka-Medium.woff2 was preloaded using link preload but not used within a few seconds from the window's load event. Please make sure it has an appropriate `as` value and it is preloaded intentionally. @ https://studio.web3tv2.dev/dashboard:0
[ 9286319ms] [WARNING] The resource https://fonts.reown.com/KHTeka-Medium.woff2 was preloaded using link preload but not used within a few seconds from the window's load event. Please make sure it has an appropriate `as` value and it is preloaded intentionally. @ https://studio.web3tv2.dev/dashboard:0
[ 9412855ms] [WARNING] The resource https://fonts.reown.com/KHTeka-Medium.woff2 was preloaded using link preload but not used within a few seconds from the window's load event. Please make sure it has an appropriate `as` value and it is preloaded intentionally. @ https://studio.web3tv2.dev/dashboard:0
[ 9526302ms] [WARNING] The resource https://fonts.reown.com/KHTeka-Medium.woff2 was preloaded using link preload but not used within a few seconds from the window's load event. Please make sure it has an appropriate `as` value and it is preloaded intentionally. @ https://studio.web3tv2.dev/dashboard:0
[ 9646310ms] [WARNING] The resource https://fonts.reown.com/KHTeka-Medium.woff2 was preloaded using link preload but not used within a few seconds from the window's load event. Please make sure it has an appropriate `as` value and it is preloaded intentionally. @ https://studio.web3tv2.dev/dashboard:0
[ 9766318ms] [WARNING] The resource https://fonts.reown.com/KHTeka-Medium.woff2 was preloaded using link preload but not used within a few seconds from the window's load event. Please make sure it has an appropriate `as` value and it is preloaded intentionally. @ https://studio.web3tv2.dev/dashboard:0
[ 9886317ms] [WARNING] The resource https://fonts.reown.com/KHTeka-Medium.woff2 was preloaded using link preload but not used within a few seconds from the window's load event. Please make sure it has an appropriate `as` value and it is preloaded intentionally. @ https://studio.web3tv2.dev/dashboard:0
[10006296ms] [WARNING] The resource https://fonts.reown.com/KHTeka-Medium.woff2 was preloaded using link preload but not used within a few seconds from the window's load event. Please make sure it has an appropriate `as` value and it is preloaded intentionally. @ https://studio.web3tv2.dev/dashboard:0
[10126695ms] [WARNING] The resource https://fonts.reown.com/KHTeka-Medium.woff2 was preloaded using link preload but not used within a few seconds from the window's load event. Please make sure it has an appropriate `as` value and it is preloaded intentionally. @ https://studio.web3tv2.dev/dashboard:0
[10246337ms] [WARNING] The resource https://fonts.reown.com/KHTeka-Medium.woff2 was preloaded using link preload but not used within a few seconds from the window's load event. Please make sure it has an appropriate `as` value and it is preloaded intentionally. @ https://studio.web3tv2.dev/dashboard:0
