[   23776ms] [WARNING] The resource https://fonts.reown.com/KHTeka-Medium.woff2 was preloaded using link preload but not used within a few seconds from the window's load event. Please make sure it has an appropriate `as` value and it is preloaded intentionally. @ https://web3tv2.dev/:0
[   29109ms] [WARNING] The resource https://fonts.reown.com/KHTeka-Medium.woff2 was preloaded using link preload but not used within a few seconds from the window's load event. Please make sure it has an appropriate `as` value and it is preloaded intentionally. @ https://web3tv2.dev/:0
[   34125ms] [WARNING] The resource https://fonts.reown.com/KHTeka-Medium.woff2 was preloaded using link preload but not used within a few seconds from the window's load event. Please make sure it has an appropriate `as` value and it is preloaded intentionally. @ https://web3tv2.dev/:0
[   50170ms] [WARNING] The resource https://fonts.reown.com/KHTeka-Medium.woff2 was preloaded using link preload but not used within a few seconds from the window's load event. Please make sure it has an appropriate `as` value and it is preloaded intentionally. @ https://web3tv2.dev/:0
[   66252ms] [WARNING] The resource https://fonts.reown.com/KHTeka-Medium.woff2 was preloaded using link preload but not used within a few seconds from the window's load event. Please make sure it has an appropriate `as` value and it is preloaded intentionally. @ https://web3tv2.dev/:0
[   82347ms] [WARNING] The resource https://fonts.reown.com/KHTeka-Medium.woff2 was preloaded using link preload but not used within a few seconds from the window's load event. Please make sure it has an appropriate `as` value and it is preloaded intentionally. @ https://web3tv2.dev/:0
[   84619ms] [ERROR] Access to manifest at 'https://web3tv2.dev/aitv-site.webmanifest' (redirected from 'https://studio.web3tv2.dev/aitv-site.webmanifest') from origin 'https://studio.web3tv2.dev' has been blocked by CORS policy: No 'Access-Control-Allow-Origin' header is present on the requested resource. @ https://studio.web3tv2.dev/dashboard:0
[   84619ms] [ERROR] Failed to load resource: net::ERR_FAILED @ https://web3tv2.dev/aitv-site.webmanifest:0
[   87965ms] [ERROR] Access to fetch at 'https://web3tv2.dev/community-guidelines' (redirected from 'https://studio.web3tv2.dev/community-guidelines?_rsc=yvxl6') from origin 'https://studio.web3tv2.dev' has been blocked by CORS policy: Response to preflight request doesn't pass access control check: No 'Access-Control-Allow-Origin' header is present on the requested resource. @ https://studio.web3tv2.dev/dashboard:0
[   87965ms] [ERROR] Failed to load resource: net::ERR_FAILED @ https://web3tv2.dev/community-guidelines:0
[  102442ms] [WARNING] The resource https://fonts.reown.com/KHTeka-Medium.woff2 was preloaded using link preload but not used within a few seconds from the window's load event. Please make sure it has an appropriate `as` value and it is preloaded intentionally. @ https://studio.web3tv2.dev/dashboard:0
[  111995ms] [WARNING] The resource https://fonts.reown.com/KHTeka-Medium.woff2 was preloaded using link preload but not used within a few seconds from the window's load event. Please make sure it has an appropriate `as` value and it is preloaded intentionally. @ https://studio.web3tv2.dev/dashboard:0
[  124439ms] [WARNING] The resource https://fonts.reown.com/KHTeka-Medium.woff2 was preloaded using link preload but not used within a few seconds from the window's load event. Please make sure it has an appropriate `as` value and it is preloaded intentionally. @ https://studio.web3tv2.dev/dashboard:0
[  127856ms] [WARNING] The resource https://fonts.reown.com/KHTeka-Medium.woff2 was preloaded using link preload but not used within a few seconds from the window's load event. Please make sure it has an appropriate `as` value and it is preloaded intentionally. @ https://studio.web3tv2.dev/dashboard:0
[  219279ms] [WARNING] The resource https://fonts.reown.com/KHTeka-Medium.woff2 was preloaded using link preload but not used within a few seconds from the window's load event. Please make sure it has an appropriate `as` value and it is preloaded intentionally. @ https://studio.web3tv2.dev/dashboard:0
[  339283ms] [WARNING] The resource https://fonts.reown.com/KHTeka-Medium.woff2 was preloaded using link preload but not used within a few seconds from the window's load event. Please make sure it has an appropriate `as` value and it is preloaded intentionally. @ https://studio.web3tv2.dev/dashboard:0
[  459307ms] [WARNING] The resource https://fonts.reown.com/KHTeka-Medium.woff2 was preloaded using link preload but not used within a few seconds from the window's load event. Please make sure it has an appropriate `as` value and it is preloaded intentionally. @ https://studio.web3tv2.dev/dashboard:0
[  576274ms] [LOG] videojs-http-source-selector initialized! @ https://web3tv2.dev/_next/static/chunks/0y86hezcdae_f.js:9
[  576274ms] [LOG] player.techName_:Html5 @ https://web3tv2.dev/_next/static/chunks/0y86hezcdae_f.js:9
[  576274ms] [LOG] videojs-http-source-selector initialized! @ https://web3tv2.dev/_next/static/chunks/0y86hezcdae_f.js:9
[  576274ms] [LOG] player.techName_:Html5 @ https://web3tv2.dev/_next/static/chunks/0y86hezcdae_f.js:9
[  577360ms] [LOG] VIDEOJS: loadmetadata event @ https://web3tv2.dev/_next/static/chunks/0y86hezcdae_f.js:9
[  577360ms] [LOG] player.videojs_http_source_selector_initialized == false @ https://web3tv2.dev/_next/static/chunks/0y86hezcdae_f.js:9
[  577361ms] [LOG] VIDEOJS: loadmetadata event @ https://web3tv2.dev/_next/static/chunks/0y86hezcdae_f.js:9
[  577361ms] [LOG] player.videojs_http_source_selector_initialized == true @ https://web3tv2.dev/_next/static/chunks/0y86hezcdae_f.js:9
[  583968ms] [WARNING] The resource https://fonts.reown.com/KHTeka-Medium.woff2 was preloaded using link preload but not used within a few seconds from the window's load event. Please make sure it has an appropriate `as` value and it is preloaded intentionally. @ https://web3tv2.dev/video/shorts/episode-1-1igq?list=1CcZgvSWH3YqPfE94M3Hs1:0
[  589300ms] [WARNING] The resource https://fonts.reown.com/KHTeka-Medium.woff2 was preloaded using link preload but not used within a few seconds from the window's load event. Please make sure it has an appropriate `as` value and it is preloaded intentionally. @ https://web3tv2.dev/video/shorts/episode-1-1igq?list=1CcZgvSWH3YqPfE94M3Hs1:0
[  622695ms] [WARNING] The resource https://fonts.reown.com/KHTeka-Medium.woff2 was preloaded using link preload but not used within a few seconds from the window's load event. Please make sure it has an appropriate `as` value and it is preloaded intentionally. @ https://web3tv2.dev/video/shorts/episode-1-1igq?list=1CcZgvSWH3YqPfE94M3Hs1:0
[  625020ms] [LOG] videojs-http-source-selector initialized! @ https://web3tv2.dev/_next/static/chunks/0y86hezcdae_f.js:9
[  625020ms] [LOG] player.techName_:Html5 @ https://web3tv2.dev/_next/static/chunks/0y86hezcdae_f.js:9
[  625020ms] [LOG] videojs-http-source-selector initialized! @ https://web3tv2.dev/_next/static/chunks/0y86hezcdae_f.js:9
[  625020ms] [LOG] player.techName_:Html5 @ https://web3tv2.dev/_next/static/chunks/0y86hezcdae_f.js:9
[  625959ms] [LOG] VIDEOJS: loadmetadata event @ https://web3tv2.dev/_next/static/chunks/0y86hezcdae_f.js:9
[  625959ms] [LOG] player.videojs_http_source_selector_initialized == false @ https://web3tv2.dev/_next/static/chunks/0y86hezcdae_f.js:9
[  625960ms] [LOG] VIDEOJS: loadmetadata event @ https://web3tv2.dev/_next/static/chunks/0y86hezcdae_f.js:9
[  625960ms] [LOG] player.videojs_http_source_selector_initialized == true @ https://web3tv2.dev/_next/static/chunks/0y86hezcdae_f.js:9
[  634260ms] [WARNING] The resource https://fonts.reown.com/KHTeka-Medium.woff2 was preloaded using link preload but not used within a few seconds from the window's load event. Please make sure it has an appropriate `as` value and it is preloaded intentionally. @ https://web3tv2.dev/video/shorts/episode-2-1xjn?list=1CcZgvSWH3YqPfE94M3Hs1:0
[  636544ms] [LOG] videojs-http-source-selector initialized! @ https://web3tv2.dev/_next/static/chunks/0y86hezcdae_f.js:9
[  636544ms] [LOG] player.techName_:Html5 @ https://web3tv2.dev/_next/static/chunks/0y86hezcdae_f.js:9
[  636545ms] [LOG] videojs-http-source-selector initialized! @ https://web3tv2.dev/_next/static/chunks/0y86hezcdae_f.js:9
[  636545ms] [LOG] player.techName_:Html5 @ https://web3tv2.dev/_next/static/chunks/0y86hezcdae_f.js:9
[  638122ms] [LOG] VIDEOJS: loadmetadata event @ https://web3tv2.dev/_next/static/chunks/0y86hezcdae_f.js:9
[  638122ms] [LOG] player.videojs_http_source_selector_initialized == false @ https://web3tv2.dev/_next/static/chunks/0y86hezcdae_f.js:9
[  638123ms] [LOG] VIDEOJS: loadmetadata event @ https://web3tv2.dev/_next/static/chunks/0y86hezcdae_f.js:9
[  638123ms] [LOG] player.videojs_http_source_selector_initialized == true @ https://web3tv2.dev/_next/static/chunks/0y86hezcdae_f.js:9
[  647622ms] [WARNING] The resource https://fonts.reown.com/KHTeka-Medium.woff2 was preloaded using link preload but not used within a few seconds from the window's load event. Please make sure it has an appropriate `as` value and it is preloaded intentionally. @ https://web3tv2.dev/video/shorts/vwefwefewf-ttbh?autoplay=true&list=:0
[  650787ms] [WARNING] The resource https://fonts.reown.com/KHTeka-Medium.woff2 was preloaded using link preload but not used within a few seconds from the window's load event. Please make sure it has an appropriate `as` value and it is preloaded intentionally. @ https://web3tv2.dev/video/shorts/vwefwefewf-ttbh?autoplay=true&list=:0
[  653064ms] [LOG] videojs-http-source-selector initialized! @ https://web3tv2.dev/_next/static/chunks/0y86hezcdae_f.js:9
[  653064ms] [LOG] player.techName_:Html5 @ https://web3tv2.dev/_next/static/chunks/0y86hezcdae_f.js:9
[  653064ms] [LOG] videojs-http-source-selector initialized! @ https://web3tv2.dev/_next/static/chunks/0y86hezcdae_f.js:9
[  653064ms] [LOG] player.techName_:Html5 @ https://web3tv2.dev/_next/static/chunks/0y86hezcdae_f.js:9
[  655505ms] [LOG] VIDEOJS: loadmetadata event @ https://web3tv2.dev/_next/static/chunks/0y86hezcdae_f.js:9
[  655505ms] [LOG] player.videojs_http_source_selector_initialized == false @ https://web3tv2.dev/_next/static/chunks/0y86hezcdae_f.js:9
[  655505ms] [LOG] VIDEOJS: loadmetadata event @ https://web3tv2.dev/_next/static/chunks/0y86hezcdae_f.js:9
[  655505ms] [LOG] player.videojs_http_source_selector_initialized == true @ https://web3tv2.dev/_next/static/chunks/0y86hezcdae_f.js:9
[  664989ms] [WARNING] The resource https://fonts.reown.com/KHTeka-Medium.woff2 was preloaded using link preload but not used within a few seconds from the window's load event. Please make sure it has an appropriate `as` value and it is preloaded intentionally. @ https://web3tv2.dev/video/shorts/rggggergrgeg-1vp9?autoplay=true&list=:0
[  668197ms] [WARNING] The resource https://fonts.reown.com/KHTeka-Medium.woff2 was preloaded using link preload but not used within a few seconds from the window's load event. Please make sure it has an appropriate `as` value and it is preloaded intentionally. @ https://web3tv2.dev/video/shorts/rggggergrgeg-1vp9?autoplay=true&list=:0
[  670476ms] [LOG] videojs-http-source-selector initialized! @ https://web3tv2.dev/_next/static/chunks/0y86hezcdae_f.js:9
[  670476ms] [LOG] player.techName_:Html5 @ https://web3tv2.dev/_next/static/chunks/0y86hezcdae_f.js:9
[  670476ms] [LOG] videojs-http-source-selector initialized! @ https://web3tv2.dev/_next/static/chunks/0y86hezcdae_f.js:9
[  670476ms] [LOG] player.techName_:Html5 @ https://web3tv2.dev/_next/static/chunks/0y86hezcdae_f.js:9
[  671886ms] [LOG] VIDEOJS: loadmetadata event @ https://web3tv2.dev/_next/static/chunks/0y86hezcdae_f.js:9
[  671886ms] [LOG] player.videojs_http_source_selector_initialized == false @ https://web3tv2.dev/_next/static/chunks/0y86hezcdae_f.js:9
[  671887ms] [LOG] VIDEOJS: loadmetadata event @ https://web3tv2.dev/_next/static/chunks/0y86hezcdae_f.js:9
[  671887ms] [LOG] player.videojs_http_source_selector_initialized == true @ https://web3tv2.dev/_next/static/chunks/0y86hezcdae_f.js:9
[  680272ms] [WARNING] The resource https://fonts.reown.com/KHTeka-Medium.woff2 was preloaded using link preload but not used within a few seconds from the window's load event. Please make sure it has an appropriate `as` value and it is preloaded intentionally. @ https://web3tv2.dev/video/documentaries/pilot-1xig?autoplay=true&list=:0
[  682482ms] [LOG] videojs-http-source-selector initialized! @ https://web3tv2.dev/_next/static/chunks/0y86hezcdae_f.js:9
[  682482ms] [LOG] player.techName_:Html5 @ https://web3tv2.dev/_next/static/chunks/0y86hezcdae_f.js:9
[  682482ms] [LOG] videojs-http-source-selector initialized! @ https://web3tv2.dev/_next/static/chunks/0y86hezcdae_f.js:9
[  682482ms] [LOG] player.techName_:Html5 @ https://web3tv2.dev/_next/static/chunks/0y86hezcdae_f.js:9
[  682515ms] [LOG] VIDEOJS: loadmetadata event @ https://web3tv2.dev/_next/static/chunks/0y86hezcdae_f.js:9
[  682515ms] [LOG] player.videojs_http_source_selector_initialized == false @ https://web3tv2.dev/_next/static/chunks/0y86hezcdae_f.js:9
[  682516ms] [LOG] VIDEOJS: loadmetadata event @ https://web3tv2.dev/_next/static/chunks/0y86hezcdae_f.js:9
[  682516ms] [LOG] player.videojs_http_source_selector_initialized == true @ https://web3tv2.dev/_next/static/chunks/0y86hezcdae_f.js:9
[  690971ms] [WARNING] The resource https://fonts.reown.com/KHTeka-Medium.woff2 was preloaded using link preload but not used within a few seconds from the window's load event. Please make sure it has an appropriate `as` value and it is preloaded intentionally. @ https://web3tv2.dev/video/documentaries/dlinnoe-nazvanie-videorolikadlinnoe-nazvanie-videorolikadlinnoe-nazvanie-vi-1swb?autoplay=true&list=:0
[  693146ms] [LOG] videojs-http-source-selector initialized! @ https://web3tv2.dev/_next/static/chunks/0y86hezcdae_f.js:9
[  693146ms] [LOG] player.techName_:Html5 @ https://web3tv2.dev/_next/static/chunks/0y86hezcdae_f.js:9
[  693146ms] [LOG] videojs-http-source-selector initialized! @ https://web3tv2.dev/_next/static/chunks/0y86hezcdae_f.js:9
[  693146ms] [LOG] player.techName_:Html5 @ https://web3tv2.dev/_next/static/chunks/0y86hezcdae_f.js:9
[  694200ms] [LOG] VIDEOJS: loadmetadata event @ https://web3tv2.dev/_next/static/chunks/0y86hezcdae_f.js:9
[  694200ms] [LOG] player.videojs_http_source_selector_initialized == false @ https://web3tv2.dev/_next/static/chunks/0y86hezcdae_f.js:9
[  694201ms] [LOG] VIDEOJS: loadmetadata event @ https://web3tv2.dev/_next/static/chunks/0y86hezcdae_f.js:9
[  694201ms] [LOG] player.videojs_http_source_selector_initialized == true @ https://web3tv2.dev/_next/static/chunks/0y86hezcdae_f.js:9
[  702618ms] [WARNING] The resource https://fonts.reown.com/KHTeka-Medium.woff2 was preloaded using link preload but not used within a few seconds from the window's load event. Please make sure it has an appropriate `as` value and it is preloaded intentionally. @ https://web3tv2.dev/video/documentaries/visual-1781878118986-yuhe?autoplay=true&list=:0
[  704813ms] [LOG] videojs-http-source-selector initialized! @ https://web3tv2.dev/_next/static/chunks/0y86hezcdae_f.js:9
[  704813ms] [LOG] player.techName_:Html5 @ https://web3tv2.dev/_next/static/chunks/0y86hezcdae_f.js:9
[  704814ms] [LOG] videojs-http-source-selector initialized! @ https://web3tv2.dev/_next/static/chunks/0y86hezcdae_f.js:9
[  704814ms] [LOG] player.techName_:Html5 @ https://web3tv2.dev/_next/static/chunks/0y86hezcdae_f.js:9
[  705972ms] [LOG] VIDEOJS: loadmetadata event @ https://web3tv2.dev/_next/static/chunks/0y86hezcdae_f.js:9
[  705972ms] [LOG] player.videojs_http_source_selector_initialized == false @ https://web3tv2.dev/_next/static/chunks/0y86hezcdae_f.js:9
[  705973ms] [LOG] VIDEOJS: loadmetadata event @ https://web3tv2.dev/_next/static/chunks/0y86hezcdae_f.js:9
[  705973ms] [LOG] player.videojs_http_source_selector_initialized == true @ https://web3tv2.dev/_next/static/chunks/0y86hezcdae_f.js:9
[  714378ms] [WARNING] The resource https://fonts.reown.com/KHTeka-Medium.woff2 was preloaded using link preload but not used within a few seconds from the window's load event. Please make sure it has an appropriate `as` value and it is preloaded intentionally. @ https://web3tv2.dev/video/documentaries/1781676737707-16cw?autoplay=true&list=:0
[  716550ms] [LOG] videojs-http-source-selector initialized! @ https://web3tv2.dev/_next/static/chunks/0y86hezcdae_f.js:9
[  716550ms] [LOG] player.techName_:Html5 @ https://web3tv2.dev/_next/static/chunks/0y86hezcdae_f.js:9
[  716550ms] [LOG] videojs-http-source-selector initialized! @ https://web3tv2.dev/_next/static/chunks/0y86hezcdae_f.js:9
[  716551ms] [LOG] player.techName_:Html5 @ https://web3tv2.dev/_next/static/chunks/0y86hezcdae_f.js:9
[  717910ms] [LOG] VIDEOJS: loadmetadata event @ https://web3tv2.dev/_next/static/chunks/0y86hezcdae_f.js:9
[  717911ms] [LOG] player.videojs_http_source_selector_initialized == false @ https://web3tv2.dev/_next/static/chunks/0y86hezcdae_f.js:9
[  717911ms] [LOG] VIDEOJS: loadmetadata event @ https://web3tv2.dev/_next/static/chunks/0y86hezcdae_f.js:9
[  717911ms] [LOG] player.videojs_http_source_selector_initialized == true @ https://web3tv2.dev/_next/static/chunks/0y86hezcdae_f.js:9
[  726346ms] [WARNING] The resource https://fonts.reown.com/KHTeka-Medium.woff2 was preloaded using link preload but not used within a few seconds from the window's load event. Please make sure it has an appropriate `as` value and it is preloaded intentionally. @ https://web3tv2.dev/video/documentaries/visual-1782311701191-1tqn?autoplay=true&list=:0
[  728625ms] [LOG] videojs-http-source-selector initialized! @ https://web3tv2.dev/_next/static/chunks/0y86hezcdae_f.js:9
[  728625ms] [LOG] player.techName_:Html5 @ https://web3tv2.dev/_next/static/chunks/0y86hezcdae_f.js:9
[  728625ms] [LOG] videojs-http-source-selector initialized! @ https://web3tv2.dev/_next/static/chunks/0y86hezcdae_f.js:9
[  728625ms] [LOG] player.techName_:Html5 @ https://web3tv2.dev/_next/static/chunks/0y86hezcdae_f.js:9
[  730164ms] [LOG] VIDEOJS: loadmetadata event @ https://web3tv2.dev/_next/static/chunks/0y86hezcdae_f.js:9
[  730164ms] [LOG] player.videojs_http_source_selector_initialized == false @ https://web3tv2.dev/_next/static/chunks/0y86hezcdae_f.js:9
[  730165ms] [LOG] VIDEOJS: loadmetadata event @ https://web3tv2.dev/_next/static/chunks/0y86hezcdae_f.js:9
[  730165ms] [LOG] player.videojs_http_source_selector_initialized == true @ https://web3tv2.dev/_next/static/chunks/0y86hezcdae_f.js:9
[  738640ms] [WARNING] The resource https://fonts.reown.com/KHTeka-Medium.woff2 was preloaded using link preload but not used within a few seconds from the window's load event. Please make sure it has an appropriate `as` value and it is preloaded intentionally. @ https://web3tv2.dev/video/documentaries/visual-1782129721866-1q0a?autoplay=true&list=:0
[  740749ms] [LOG] videojs-http-source-selector initialized! @ https://web3tv2.dev/_next/static/chunks/0y86hezcdae_f.js:9
[  740749ms] [LOG] player.techName_:Html5 @ https://web3tv2.dev/_next/static/chunks/0y86hezcdae_f.js:9
[  740749ms] [LOG] videojs-http-source-selector initialized! @ https://web3tv2.dev/_next/static/chunks/0y86hezcdae_f.js:9
[  740749ms] [LOG] player.techName_:Html5 @ https://web3tv2.dev/_next/static/chunks/0y86hezcdae_f.js:9
[  742415ms] [LOG] VIDEOJS: loadmetadata event @ https://web3tv2.dev/_next/static/chunks/0y86hezcdae_f.js:9
[  742415ms] [LOG] player.videojs_http_source_selector_initialized == false @ https://web3tv2.dev/_next/static/chunks/0y86hezcdae_f.js:9
[  742416ms] [LOG] VIDEOJS: loadmetadata event @ https://web3tv2.dev/_next/static/chunks/0y86hezcdae_f.js:9
[  742416ms] [LOG] player.videojs_http_source_selector_initialized == true @ https://web3tv2.dev/_next/static/chunks/0y86hezcdae_f.js:9
[  750883ms] [WARNING] The resource https://fonts.reown.com/KHTeka-Medium.woff2 was preloaded using link preload but not used within a few seconds from the window's load event. Please make sure it has an appropriate `as` value and it is preloaded intentionally. @ https://web3tv2.dev/video/documentaries/visual-1781871913815-1o78?autoplay=true&list=:0
[  752982ms] [LOG] videojs-http-source-selector initialized! @ https://web3tv2.dev/_next/static/chunks/0y86hezcdae_f.js:9
[  752982ms] [LOG] player.techName_:Html5 @ https://web3tv2.dev/_next/static/chunks/0y86hezcdae_f.js:9
[  752982ms] [LOG] videojs-http-source-selector initialized! @ https://web3tv2.dev/_next/static/chunks/0y86hezcdae_f.js:9
[  752982ms] [LOG] player.techName_:Html5 @ https://web3tv2.dev/_next/static/chunks/0y86hezcdae_f.js:9
[  754314ms] [LOG] VIDEOJS: loadmetadata event @ https://web3tv2.dev/_next/static/chunks/0y86hezcdae_f.js:9
[  754314ms] [LOG] player.videojs_http_source_selector_initialized == false @ https://web3tv2.dev/_next/static/chunks/0y86hezcdae_f.js:9
[  754315ms] [LOG] VIDEOJS: loadmetadata event @ https://web3tv2.dev/_next/static/chunks/0y86hezcdae_f.js:9
[  754315ms] [LOG] player.videojs_http_source_selector_initialized == true @ https://web3tv2.dev/_next/static/chunks/0y86hezcdae_f.js:9
[  762773ms] [WARNING] The resource https://fonts.reown.com/KHTeka-Medium.woff2 was preloaded using link preload but not used within a few seconds from the window's load event. Please make sure it has an appropriate `as` value and it is preloaded intentionally. @ https://web3tv2.dev/video/documentaries/visual-1782192689156-atmp?autoplay=true&list=:0
[  764888ms] [LOG] videojs-http-source-selector initialized! @ https://web3tv2.dev/_next/static/chunks/0y86hezcdae_f.js:9
[  764888ms] [LOG] player.techName_:Html5 @ https://web3tv2.dev/_next/static/chunks/0y86hezcdae_f.js:9
[  764888ms] [LOG] videojs-http-source-selector initialized! @ https://web3tv2.dev/_next/static/chunks/0y86hezcdae_f.js:9
[  764888ms] [LOG] player.techName_:Html5 @ https://web3tv2.dev/_next/static/chunks/0y86hezcdae_f.js:9
[  766415ms] [LOG] VIDEOJS: loadmetadata event @ https://web3tv2.dev/_next/static/chunks/0y86hezcdae_f.js:9
[  766415ms] [LOG] player.videojs_http_source_selector_initialized == false @ https://web3tv2.dev/_next/static/chunks/0y86hezcdae_f.js:9
[  766416ms] [LOG] VIDEOJS: loadmetadata event @ https://web3tv2.dev/_next/static/chunks/0y86hezcdae_f.js:9
[  766416ms] [LOG] player.videojs_http_source_selector_initialized == true @ https://web3tv2.dev/_next/static/chunks/0y86hezcdae_f.js:9
[  774936ms] [WARNING] The resource https://fonts.reown.com/KHTeka-Medium.woff2 was preloaded using link preload but not used within a few seconds from the window's load event. Please make sure it has an appropriate `as` value and it is preloaded intentionally. @ https://web3tv2.dev/video/documentaries/video-1781675556149-g2n2?autoplay=true&list=:0
[  776979ms] [LOG] videojs-http-source-selector initialized! @ https://web3tv2.dev/_next/static/chunks/0y86hezcdae_f.js:9
[  776979ms] [LOG] player.techName_:Html5 @ https://web3tv2.dev/_next/static/chunks/0y86hezcdae_f.js:9
[  776979ms] [LOG] videojs-http-source-selector initialized! @ https://web3tv2.dev/_next/static/chunks/0y86hezcdae_f.js:9
[  776979ms] [LOG] player.techName_:Html5 @ https://web3tv2.dev/_next/static/chunks/0y86hezcdae_f.js:9
[  777749ms] [LOG] VIDEOJS: loadmetadata event @ https://web3tv2.dev/_next/static/chunks/0y86hezcdae_f.js:9
[  777749ms] [LOG] player.videojs_http_source_selector_initialized == false @ https://web3tv2.dev/_next/static/chunks/0y86hezcdae_f.js:9
[  777749ms] [LOG] VIDEOJS: loadmetadata event @ https://web3tv2.dev/_next/static/chunks/0y86hezcdae_f.js:9
[  777749ms] [LOG] player.videojs_http_source_selector_initialized == true @ https://web3tv2.dev/_next/static/chunks/0y86hezcdae_f.js:9
[  786233ms] [WARNING] The resource https://fonts.reown.com/KHTeka-Medium.woff2 was preloaded using link preload but not used within a few seconds from the window's load event. Please make sure it has an appropriate `as` value and it is preloaded intentionally. @ https://web3tv2.dev/video/documentaries/visual-1781855910979-g4dx?autoplay=true&list=:0
[  788336ms] [LOG] videojs-http-source-selector initialized! @ https://web3tv2.dev/_next/static/chunks/0y86hezcdae_f.js:9
[  788336ms] [LOG] player.techName_:Html5 @ https://web3tv2.dev/_next/static/chunks/0y86hezcdae_f.js:9
[  788336ms] [LOG] videojs-http-source-selector initialized! @ https://web3tv2.dev/_next/static/chunks/0y86hezcdae_f.js:9
[  788336ms] [LOG] player.techName_:Html5 @ https://web3tv2.dev/_next/static/chunks/0y86hezcdae_f.js:9
[  789518ms] [LOG] VIDEOJS: loadmetadata event @ https://web3tv2.dev/_next/static/chunks/0y86hezcdae_f.js:9
[  789518ms] [LOG] player.videojs_http_source_selector_initialized == false @ https://web3tv2.dev/_next/static/chunks/0y86hezcdae_f.js:9
[  789520ms] [LOG] VIDEOJS: loadmetadata event @ https://web3tv2.dev/_next/static/chunks/0y86hezcdae_f.js:9
[  789520ms] [LOG] player.videojs_http_source_selector_initialized == true @ https://web3tv2.dev/_next/static/chunks/0y86hezcdae_f.js:9
[  805479ms] [WARNING] The resource https://fonts.reown.com/KHTeka-Medium.woff2 was preloaded using link preload but not used within a few seconds from the window's load event. Please make sure it has an appropriate `as` value and it is preloaded intentionally. @ https://web3tv2.dev/video/documentaries/chapters-1781695903225-1h0z?autoplay=true&list=:0
[  911763ms] [WARNING] The resource https://fonts.reown.com/KHTeka-Medium.woff2 was preloaded using link preload but not used within a few seconds from the window's load event. Please make sure it has an appropriate `as` value and it is preloaded intentionally. @ https://web3tv2.dev/video/documentaries/chapters-1781695903225-1h0z?autoplay=true&list=:0
[ 1031712ms] [WARNING] The resource https://fonts.reown.com/KHTeka-Medium.woff2 was preloaded using link preload but not used within a few seconds from the window's load event. Please make sure it has an appropriate `as` value and it is preloaded intentionally. @ https://web3tv2.dev/video/documentaries/chapters-1781695903225-1h0z?autoplay=true&list=:0
[ 1151732ms] [WARNING] The resource https://fonts.reown.com/KHTeka-Medium.woff2 was preloaded using link preload but not used within a few seconds from the window's load event. Please make sure it has an appropriate `as` value and it is preloaded intentionally. @ https://web3tv2.dev/video/documentaries/chapters-1781695903225-1h0z?autoplay=true&list=:0
[ 1271785ms] [WARNING] The resource https://fonts.reown.com/KHTeka-Medium.woff2 was preloaded using link preload but not used within a few seconds from the window's load event. Please make sure it has an appropriate `as` value and it is preloaded intentionally. @ https://web3tv2.dev/video/documentaries/chapters-1781695903225-1h0z?autoplay=true&list=:0
[ 1391769ms] [WARNING] The resource https://fonts.reown.com/KHTeka-Medium.woff2 was preloaded using link preload but not used within a few seconds from the window's load event. Please make sure it has an appropriate `as` value and it is preloaded intentionally. @ https://web3tv2.dev/video/documentaries/chapters-1781695903225-1h0z?autoplay=true&list=:0
[ 1511703ms] [WARNING] The resource https://fonts.reown.com/KHTeka-Medium.woff2 was preloaded using link preload but not used within a few seconds from the window's load event. Please make sure it has an appropriate `as` value and it is preloaded intentionally. @ https://web3tv2.dev/video/documentaries/chapters-1781695903225-1h0z?autoplay=true&list=:0
[ 1631737ms] [WARNING] The resource https://fonts.reown.com/KHTeka-Medium.woff2 was preloaded using link preload but not used within a few seconds from the window's load event. Please make sure it has an appropriate `as` value and it is preloaded intentionally. @ https://web3tv2.dev/video/documentaries/chapters-1781695903225-1h0z?autoplay=true&list=:0
[ 2664048ms] [WARNING] The resource https://fonts.reown.com/KHTeka-Medium.woff2 was preloaded using link preload but not used within a few seconds from the window's load event. Please make sure it has an appropriate `as` value and it is preloaded intentionally. @ https://web3tv2.dev/video/documentaries/chapters-1781695903225-1h0z?autoplay=true&list=:0
[ 2773959ms] [WARNING] The resource https://fonts.reown.com/KHTeka-Medium.woff2 was preloaded using link preload but not used within a few seconds from the window's load event. Please make sure it has an appropriate `as` value and it is preloaded intentionally. @ https://web3tv2.dev/video/documentaries/chapters-1781695903225-1h0z?autoplay=true&list=:0
[ 2893956ms] [WARNING] The resource https://fonts.reown.com/KHTeka-Medium.woff2 was preloaded using link preload but not used within a few seconds from the window's load event. Please make sure it has an appropriate `as` value and it is preloaded intentionally. @ https://web3tv2.dev/video/documentaries/chapters-1781695903225-1h0z?autoplay=true&list=:0
[ 3013991ms] [WARNING] The resource https://fonts.reown.com/KHTeka-Medium.woff2 was preloaded using link preload but not used within a few seconds from the window's load event. Please make sure it has an appropriate `as` value and it is preloaded intentionally. @ https://web3tv2.dev/video/documentaries/chapters-1781695903225-1h0z?autoplay=true&list=:0
[ 3133981ms] [WARNING] The resource https://fonts.reown.com/KHTeka-Medium.woff2 was preloaded using link preload but not used within a few seconds from the window's load event. Please make sure it has an appropriate `as` value and it is preloaded intentionally. @ https://web3tv2.dev/video/documentaries/chapters-1781695903225-1h0z?autoplay=true&list=:0
[ 3253999ms] [WARNING] The resource https://fonts.reown.com/KHTeka-Medium.woff2 was preloaded using link preload but not used within a few seconds from the window's load event. Please make sure it has an appropriate `as` value and it is preloaded intentionally. @ https://web3tv2.dev/video/documentaries/chapters-1781695903225-1h0z?autoplay=true&list=:0
[ 3374328ms] [WARNING] The resource https://fonts.reown.com/KHTeka-Medium.woff2 was preloaded using link preload but not used within a few seconds from the window's load event. Please make sure it has an appropriate `as` value and it is preloaded intentionally. @ https://web3tv2.dev/video/documentaries/chapters-1781695903225-1h0z?autoplay=true&list=:0
[ 3493942ms] [WARNING] The resource https://fonts.reown.com/KHTeka-Medium.woff2 was preloaded using link preload but not used within a few seconds from the window's load event. Please make sure it has an appropriate `as` value and it is preloaded intentionally. @ https://web3tv2.dev/video/documentaries/chapters-1781695903225-1h0z?autoplay=true&list=:0
[ 3613961ms] [WARNING] The resource https://fonts.reown.com/KHTeka-Medium.woff2 was preloaded using link preload but not used within a few seconds from the window's load event. Please make sure it has an appropriate `as` value and it is preloaded intentionally. @ https://web3tv2.dev/video/documentaries/chapters-1781695903225-1h0z?autoplay=true&list=:0
[ 3733971ms] [WARNING] The resource https://fonts.reown.com/KHTeka-Medium.woff2 was preloaded using link preload but not used within a few seconds from the window's load event. Please make sure it has an appropriate `as` value and it is preloaded intentionally. @ https://web3tv2.dev/video/documentaries/chapters-1781695903225-1h0z?autoplay=true&list=:0
[ 3854047ms] [WARNING] The resource https://fonts.reown.com/KHTeka-Medium.woff2 was preloaded using link preload but not used within a few seconds from the window's load event. Please make sure it has an appropriate `as` value and it is preloaded intentionally. @ https://web3tv2.dev/video/documentaries/chapters-1781695903225-1h0z?autoplay=true&list=:0
[ 3973921ms] [WARNING] The resource https://fonts.reown.com/KHTeka-Medium.woff2 was preloaded using link preload but not used within a few seconds from the window's load event. Please make sure it has an appropriate `as` value and it is preloaded intentionally. @ https://web3tv2.dev/video/documentaries/chapters-1781695903225-1h0z?autoplay=true&list=:0
[ 4093928ms] [WARNING] The resource https://fonts.reown.com/KHTeka-Medium.woff2 was preloaded using link preload but not used within a few seconds from the window's load event. Please make sure it has an appropriate `as` value and it is preloaded intentionally. @ https://web3tv2.dev/video/documentaries/chapters-1781695903225-1h0z?autoplay=true&list=:0
[ 4213933ms] [WARNING] The resource https://fonts.reown.com/KHTeka-Medium.woff2 was preloaded using link preload but not used within a few seconds from the window's load event. Please make sure it has an appropriate `as` value and it is preloaded intentionally. @ https://web3tv2.dev/video/documentaries/chapters-1781695903225-1h0z?autoplay=true&list=:0
[ 4333972ms] [WARNING] The resource https://fonts.reown.com/KHTeka-Medium.woff2 was preloaded using link preload but not used within a few seconds from the window's load event. Please make sure it has an appropriate `as` value and it is preloaded intentionally. @ https://web3tv2.dev/video/documentaries/chapters-1781695903225-1h0z?autoplay=true&list=:0
[ 4453954ms] [WARNING] The resource https://fonts.reown.com/KHTeka-Medium.woff2 was preloaded using link preload but not used within a few seconds from the window's load event. Please make sure it has an appropriate `as` value and it is preloaded intentionally. @ https://web3tv2.dev/video/documentaries/chapters-1781695903225-1h0z?autoplay=true&list=:0
[ 4573960ms] [WARNING] The resource https://fonts.reown.com/KHTeka-Medium.woff2 was preloaded using link preload but not used within a few seconds from the window's load event. Please make sure it has an appropriate `as` value and it is preloaded intentionally. @ https://web3tv2.dev/video/documentaries/chapters-1781695903225-1h0z?autoplay=true&list=:0
[ 4694143ms] [WARNING] The resource https://fonts.reown.com/KHTeka-Medium.woff2 was preloaded using link preload but not used within a few seconds from the window's load event. Please make sure it has an appropriate `as` value and it is preloaded intentionally. @ https://web3tv2.dev/video/documentaries/chapters-1781695903225-1h0z?autoplay=true&list=:0
[ 4813937ms] [WARNING] The resource https://fonts.reown.com/KHTeka-Medium.woff2 was preloaded using link preload but not used within a few seconds from the window's load event. Please make sure it has an appropriate `as` value and it is preloaded intentionally. @ https://web3tv2.dev/video/documentaries/chapters-1781695903225-1h0z?autoplay=true&list=:0
[ 4933989ms] [WARNING] The resource https://fonts.reown.com/KHTeka-Medium.woff2 was preloaded using link preload but not used within a few seconds from the window's load event. Please make sure it has an appropriate `as` value and it is preloaded intentionally. @ https://web3tv2.dev/video/documentaries/chapters-1781695903225-1h0z?autoplay=true&list=:0
[ 5054027ms] [WARNING] The resource https://fonts.reown.com/KHTeka-Medium.woff2 was preloaded using link preload but not used within a few seconds from the window's load event. Please make sure it has an appropriate `as` value and it is preloaded intentionally. @ https://web3tv2.dev/video/documentaries/chapters-1781695903225-1h0z?autoplay=true&list=:0
[ 5173886ms] [WARNING] The resource https://fonts.reown.com/KHTeka-Medium.woff2 was preloaded using link preload but not used within a few seconds from the window's load event. Please make sure it has an appropriate `as` value and it is preloaded intentionally. @ https://web3tv2.dev/video/documentaries/chapters-1781695903225-1h0z?autoplay=true&list=:0
[ 5293892ms] [WARNING] The resource https://fonts.reown.com/KHTeka-Medium.woff2 was preloaded using link preload but not used within a few seconds from the window's load event. Please make sure it has an appropriate `as` value and it is preloaded intentionally. @ https://web3tv2.dev/video/documentaries/chapters-1781695903225-1h0z?autoplay=true&list=:0
[ 5413899ms] [WARNING] The resource https://fonts.reown.com/KHTeka-Medium.woff2 was preloaded using link preload but not used within a few seconds from the window's load event. Please make sure it has an appropriate `as` value and it is preloaded intentionally. @ https://web3tv2.dev/video/documentaries/chapters-1781695903225-1h0z?autoplay=true&list=:0
[ 5533892ms] [WARNING] The resource https://fonts.reown.com/KHTeka-Medium.woff2 was preloaded using link preload but not used within a few seconds from the window's load event. Please make sure it has an appropriate `as` value and it is preloaded intentionally. @ https://web3tv2.dev/video/documentaries/chapters-1781695903225-1h0z?autoplay=true&list=:0
[ 5653916ms] [WARNING] The resource https://fonts.reown.com/KHTeka-Medium.woff2 was preloaded using link preload but not used within a few seconds from the window's load event. Please make sure it has an appropriate `as` value and it is preloaded intentionally. @ https://web3tv2.dev/video/documentaries/chapters-1781695903225-1h0z?autoplay=true&list=:0
[ 5773931ms] [WARNING] The resource https://fonts.reown.com/KHTeka-Medium.woff2 was preloaded using link preload but not used within a few seconds from the window's load event. Please make sure it has an appropriate `as` value and it is preloaded intentionally. @ https://web3tv2.dev/video/documentaries/chapters-1781695903225-1h0z?autoplay=true&list=:0
[ 5893916ms] [WARNING] The resource https://fonts.reown.com/KHTeka-Medium.woff2 was preloaded using link preload but not used within a few seconds from the window's load event. Please make sure it has an appropriate `as` value and it is preloaded intentionally. @ https://web3tv2.dev/video/documentaries/chapters-1781695903225-1h0z?autoplay=true&list=:0
[ 6014045ms] [WARNING] The resource https://fonts.reown.com/KHTeka-Medium.woff2 was preloaded using link preload but not used within a few seconds from the window's load event. Please make sure it has an appropriate `as` value and it is preloaded intentionally. @ https://web3tv2.dev/video/documentaries/chapters-1781695903225-1h0z?autoplay=true&list=:0
[ 6133925ms] [WARNING] The resource https://fonts.reown.com/KHTeka-Medium.woff2 was preloaded using link preload but not used within a few seconds from the window's load event. Please make sure it has an appropriate `as` value and it is preloaded intentionally. @ https://web3tv2.dev/video/documentaries/chapters-1781695903225-1h0z?autoplay=true&list=:0
[ 6253921ms] [WARNING] The resource https://fonts.reown.com/KHTeka-Medium.woff2 was preloaded using link preload but not used within a few seconds from the window's load event. Please make sure it has an appropriate `as` value and it is preloaded intentionally. @ https://web3tv2.dev/video/documentaries/chapters-1781695903225-1h0z?autoplay=true&list=:0
[ 6373963ms] [WARNING] The resource https://fonts.reown.com/KHTeka-Medium.woff2 was preloaded using link preload but not used within a few seconds from the window's load event. Please make sure it has an appropriate `as` value and it is preloaded intentionally. @ https://web3tv2.dev/video/documentaries/chapters-1781695903225-1h0z?autoplay=true&list=:0
[ 6494043ms] [WARNING] The resource https://fonts.reown.com/KHTeka-Medium.woff2 was preloaded using link preload but not used within a few seconds from the window's load event. Please make sure it has an appropriate `as` value and it is preloaded intentionally. @ https://web3tv2.dev/video/documentaries/chapters-1781695903225-1h0z?autoplay=true&list=:0
[ 6613908ms] [WARNING] The resource https://fonts.reown.com/KHTeka-Medium.woff2 was preloaded using link preload but not used within a few seconds from the window's load event. Please make sure it has an appropriate `as` value and it is preloaded intentionally. @ https://web3tv2.dev/video/documentaries/chapters-1781695903225-1h0z?autoplay=true&list=:0
[ 6734292ms] [WARNING] The resource https://fonts.reown.com/KHTeka-Medium.woff2 was preloaded using link preload but not used within a few seconds from the window's load event. Please make sure it has an appropriate `as` value and it is preloaded intentionally. @ https://web3tv2.dev/video/documentaries/chapters-1781695903225-1h0z?autoplay=true&list=:0
[ 6853966ms] [WARNING] The resource https://fonts.reown.com/KHTeka-Medium.woff2 was preloaded using link preload but not used within a few seconds from the window's load event. Please make sure it has an appropriate `as` value and it is preloaded intentionally. @ https://web3tv2.dev/video/documentaries/chapters-1781695903225-1h0z?autoplay=true&list=:0
[ 6973908ms] [WARNING] The resource https://fonts.reown.com/KHTeka-Medium.woff2 was preloaded using link preload but not used within a few seconds from the window's load event. Please make sure it has an appropriate `as` value and it is preloaded intentionally. @ https://web3tv2.dev/video/documentaries/chapters-1781695903225-1h0z?autoplay=true&list=:0
[ 7093937ms] [WARNING] The resource https://fonts.reown.com/KHTeka-Medium.woff2 was preloaded using link preload but not used within a few seconds from the window's load event. Please make sure it has an appropriate `as` value and it is preloaded intentionally. @ https://web3tv2.dev/video/documentaries/chapters-1781695903225-1h0z?autoplay=true&list=:0
[ 7213912ms] [WARNING] The resource https://fonts.reown.com/KHTeka-Medium.woff2 was preloaded using link preload but not used within a few seconds from the window's load event. Please make sure it has an appropriate `as` value and it is preloaded intentionally. @ https://web3tv2.dev/video/documentaries/chapters-1781695903225-1h0z?autoplay=true&list=:0
[ 7334078ms] [WARNING] The resource https://fonts.reown.com/KHTeka-Medium.woff2 was preloaded using link preload but not used within a few seconds from the window's load event. Please make sure it has an appropriate `as` value and it is preloaded intentionally. @ https://web3tv2.dev/video/documentaries/chapters-1781695903225-1h0z?autoplay=true&list=:0
[ 7453892ms] [WARNING] The resource https://fonts.reown.com/KHTeka-Medium.woff2 was preloaded using link preload but not used within a few seconds from the window's load event. Please make sure it has an appropriate `as` value and it is preloaded intentionally. @ https://web3tv2.dev/video/documentaries/chapters-1781695903225-1h0z?autoplay=true&list=:0
[ 7573916ms] [WARNING] The resource https://fonts.reown.com/KHTeka-Medium.woff2 was preloaded using link preload but not used within a few seconds from the window's load event. Please make sure it has an appropriate `as` value and it is preloaded intentionally. @ https://web3tv2.dev/video/documentaries/chapters-1781695903225-1h0z?autoplay=true&list=:0
[ 7694010ms] [WARNING] The resource https://fonts.reown.com/KHTeka-Medium.woff2 was preloaded using link preload but not used within a few seconds from the window's load event. Please make sure it has an appropriate `as` value and it is preloaded intentionally. @ https://web3tv2.dev/video/documentaries/chapters-1781695903225-1h0z?autoplay=true&list=:0
[ 7814050ms] [WARNING] The resource https://fonts.reown.com/KHTeka-Medium.woff2 was preloaded using link preload but not used within a few seconds from the window's load event. Please make sure it has an appropriate `as` value and it is preloaded intentionally. @ https://web3tv2.dev/video/documentaries/chapters-1781695903225-1h0z?autoplay=true&list=:0
[ 7934075ms] [WARNING] The resource https://fonts.reown.com/KHTeka-Medium.woff2 was preloaded using link preload but not used within a few seconds from the window's load event. Please make sure it has an appropriate `as` value and it is preloaded intentionally. @ https://web3tv2.dev/video/documentaries/chapters-1781695903225-1h0z?autoplay=true&list=:0
[ 8053989ms] [WARNING] The resource https://fonts.reown.com/KHTeka-Medium.woff2 was preloaded using link preload but not used within a few seconds from the window's load event. Please make sure it has an appropriate `as` value and it is preloaded intentionally. @ https://web3tv2.dev/video/documentaries/chapters-1781695903225-1h0z?autoplay=true&list=:0
[ 8173938ms] [WARNING] The resource https://fonts.reown.com/KHTeka-Medium.woff2 was preloaded using link preload but not used within a few seconds from the window's load event. Please make sure it has an appropriate `as` value and it is preloaded intentionally. @ https://web3tv2.dev/video/documentaries/chapters-1781695903225-1h0z?autoplay=true&list=:0
[ 8303990ms] [WARNING] The resource https://fonts.reown.com/KHTeka-Medium.woff2 was preloaded using link preload but not used within a few seconds from the window's load event. Please make sure it has an appropriate `as` value and it is preloaded intentionally. @ https://web3tv2.dev/video/documentaries/chapters-1781695903225-1h0z?autoplay=true&list=:0
[ 8413974ms] [WARNING] The resource https://fonts.reown.com/KHTeka-Medium.woff2 was preloaded using link preload but not used within a few seconds from the window's load event. Please make sure it has an appropriate `as` value and it is preloaded intentionally. @ https://web3tv2.dev/video/documentaries/chapters-1781695903225-1h0z?autoplay=true&list=:0
[ 8533976ms] [WARNING] The resource https://fonts.reown.com/KHTeka-Medium.woff2 was preloaded using link preload but not used within a few seconds from the window's load event. Please make sure it has an appropriate `as` value and it is preloaded intentionally. @ https://web3tv2.dev/video/documentaries/chapters-1781695903225-1h0z?autoplay=true&list=:0
[ 8654054ms] [WARNING] The resource https://fonts.reown.com/KHTeka-Medium.woff2 was preloaded using link preload but not used within a few seconds from the window's load event. Please make sure it has an appropriate `as` value and it is preloaded intentionally. @ https://web3tv2.dev/video/documentaries/chapters-1781695903225-1h0z?autoplay=true&list=:0
[ 8773972ms] [WARNING] The resource https://fonts.reown.com/KHTeka-Medium.woff2 was preloaded using link preload but not used within a few seconds from the window's load event. Please make sure it has an appropriate `as` value and it is preloaded intentionally. @ https://web3tv2.dev/video/documentaries/chapters-1781695903225-1h0z?autoplay=true&list=:0
[ 8893976ms] [WARNING] The resource https://fonts.reown.com/KHTeka-Medium.woff2 was preloaded using link preload but not used within a few seconds from the window's load event. Please make sure it has an appropriate `as` value and it is preloaded intentionally. @ https://web3tv2.dev/video/documentaries/chapters-1781695903225-1h0z?autoplay=true&list=:0
[ 9013952ms] [WARNING] The resource https://fonts.reown.com/KHTeka-Medium.woff2 was preloaded using link preload but not used within a few seconds from the window's load event. Please make sure it has an appropriate `as` value and it is preloaded intentionally. @ https://web3tv2.dev/video/documentaries/chapters-1781695903225-1h0z?autoplay=true&list=:0
[ 9133956ms] [WARNING] The resource https://fonts.reown.com/KHTeka-Medium.woff2 was preloaded using link preload but not used within a few seconds from the window's load event. Please make sure it has an appropriate `as` value and it is preloaded intentionally. @ https://web3tv2.dev/video/documentaries/chapters-1781695903225-1h0z?autoplay=true&list=:0
[ 9253980ms] [WARNING] The resource https://fonts.reown.com/KHTeka-Medium.woff2 was preloaded using link preload but not used within a few seconds from the window's load event. Please make sure it has an appropriate `as` value and it is preloaded intentionally. @ https://web3tv2.dev/video/documentaries/chapters-1781695903225-1h0z?autoplay=true&list=:0
[ 9373952ms] [WARNING] The resource https://fonts.reown.com/KHTeka-Medium.woff2 was preloaded using link preload but not used within a few seconds from the window's load event. Please make sure it has an appropriate `as` value and it is preloaded intentionally. @ https://web3tv2.dev/video/documentaries/chapters-1781695903225-1h0z?autoplay=true&list=:0
[ 9493973ms] [WARNING] The resource https://fonts.reown.com/KHTeka-Medium.woff2 was preloaded using link preload but not used within a few seconds from the window's load event. Please make sure it has an appropriate `as` value and it is preloaded intentionally. @ https://web3tv2.dev/video/documentaries/chapters-1781695903225-1h0z?autoplay=true&list=:0
[ 9614031ms] [WARNING] The resource https://fonts.reown.com/KHTeka-Medium.woff2 was preloaded using link preload but not used within a few seconds from the window's load event. Please make sure it has an appropriate `as` value and it is preloaded intentionally. @ https://web3tv2.dev/video/documentaries/chapters-1781695903225-1h0z?autoplay=true&list=:0
[ 9734010ms] [WARNING] The resource https://fonts.reown.com/KHTeka-Medium.woff2 was preloaded using link preload but not used within a few seconds from the window's load event. Please make sure it has an appropriate `as` value and it is preloaded intentionally. @ https://web3tv2.dev/video/documentaries/chapters-1781695903225-1h0z?autoplay=true&list=:0
[ 9853984ms] [WARNING] The resource https://fonts.reown.com/KHTeka-Medium.woff2 was preloaded using link preload but not used within a few seconds from the window's load event. Please make sure it has an appropriate `as` value and it is preloaded intentionally. @ https://web3tv2.dev/video/documentaries/chapters-1781695903225-1h0z?autoplay=true&list=:0
[ 9973939ms] [WARNING] The resource https://fonts.reown.com/KHTeka-Medium.woff2 was preloaded using link preload but not used within a few seconds from the window's load event. Please make sure it has an appropriate `as` value and it is preloaded intentionally. @ https://web3tv2.dev/video/documentaries/chapters-1781695903225-1h0z?autoplay=true&list=:0
[10094280ms] [WARNING] The resource https://fonts.reown.com/KHTeka-Medium.woff2 was preloaded using link preload but not used within a few seconds from the window's load event. Please make sure it has an appropriate `as` value and it is preloaded intentionally. @ https://web3tv2.dev/video/documentaries/chapters-1781695903225-1h0z?autoplay=true&list=:0
[10213957ms] [WARNING] The resource https://fonts.reown.com/KHTeka-Medium.woff2 was preloaded using link preload but not used within a few seconds from the window's load event. Please make sure it has an appropriate `as` value and it is preloaded intentionally. @ https://web3tv2.dev/video/documentaries/chapters-1781695903225-1h0z?autoplay=true&list=:0
[10334085ms] [WARNING] The resource https://fonts.reown.com/KHTeka-Medium.woff2 was preloaded using link preload but not used within a few seconds from the window's load event. Please make sure it has an appropriate `as` value and it is preloaded intentionally. @ https://web3tv2.dev/video/documentaries/chapters-1781695903225-1h0z?autoplay=true&list=:0
[10453960ms] [WARNING] The resource https://fonts.reown.com/KHTeka-Medium.woff2 was preloaded using link preload but not used within a few seconds from the window's load event. Please make sure it has an appropriate `as` value and it is preloaded intentionally. @ https://web3tv2.dev/video/documentaries/chapters-1781695903225-1h0z?autoplay=true&list=:0
[10573962ms] [WARNING] The resource https://fonts.reown.com/KHTeka-Medium.woff2 was preloaded using link preload but not used within a few seconds from the window's load event. Please make sure it has an appropriate `as` value and it is preloaded intentionally. @ https://web3tv2.dev/video/documentaries/chapters-1781695903225-1h0z?autoplay=true&list=:0
[10693956ms] [WARNING] The resource https://fonts.reown.com/KHTeka-Medium.woff2 was preloaded using link preload but not used within a few seconds from the window's load event. Please make sure it has an appropriate `as` value and it is preloaded intentionally. @ https://web3tv2.dev/video/documentaries/chapters-1781695903225-1h0z?autoplay=true&list=:0
[10813977ms] [WARNING] The resource https://fonts.reown.com/KHTeka-Medium.woff2 was preloaded using link preload but not used within a few seconds from the window's load event. Please make sure it has an appropriate `as` value and it is preloaded intentionally. @ https://web3tv2.dev/video/documentaries/chapters-1781695903225-1h0z?autoplay=true&list=:0
[10933965ms] [WARNING] The resource https://fonts.reown.com/KHTeka-Medium.woff2 was preloaded using link preload but not used within a few seconds from the window's load event. Please make sure it has an appropriate `as` value and it is preloaded intentionally. @ https://web3tv2.dev/video/documentaries/chapters-1781695903225-1h0z?autoplay=true&list=:0
[11053977ms] [WARNING] The resource https://fonts.reown.com/KHTeka-Medium.woff2 was preloaded using link preload but not used within a few seconds from the window's load event. Please make sure it has an appropriate `as` value and it is preloaded intentionally. @ https://web3tv2.dev/video/documentaries/chapters-1781695903225-1h0z?autoplay=true&list=:0
[11173984ms] [WARNING] The resource https://fonts.reown.com/KHTeka-Medium.woff2 was preloaded using link preload but not used within a few seconds from the window's load event. Please make sure it has an appropriate `as` value and it is preloaded intentionally. @ https://web3tv2.dev/video/documentaries/chapters-1781695903225-1h0z?autoplay=true&list=:0
[11293951ms] [WARNING] The resource https://fonts.reown.com/KHTeka-Medium.woff2 was preloaded using link preload but not used within a few seconds from the window's load event. Please make sure it has an appropriate `as` value and it is preloaded intentionally. @ https://web3tv2.dev/video/documentaries/chapters-1781695903225-1h0z?autoplay=true&list=:0
[11413936ms] [WARNING] The resource https://fonts.reown.com/KHTeka-Medium.woff2 was preloaded using link preload but not used within a few seconds from the window's load event. Please make sure it has an appropriate `as` value and it is preloaded intentionally. @ https://web3tv2.dev/video/documentaries/chapters-1781695903225-1h0z?autoplay=true&list=:0
[11533957ms] [WARNING] The resource https://fonts.reown.com/KHTeka-Medium.woff2 was preloaded using link preload but not used within a few seconds from the window's load event. Please make sure it has an appropriate `as` value and it is preloaded intentionally. @ https://web3tv2.dev/video/documentaries/chapters-1781695903225-1h0z?autoplay=true&list=:0
[11653968ms] [WARNING] The resource https://fonts.reown.com/KHTeka-Medium.woff2 was preloaded using link preload but not used within a few seconds from the window's load event. Please make sure it has an appropriate `as` value and it is preloaded intentionally. @ https://web3tv2.dev/video/documentaries/chapters-1781695903225-1h0z?autoplay=true&list=:0
[11773981ms] [WARNING] The resource https://fonts.reown.com/KHTeka-Medium.woff2 was preloaded using link preload but not used within a few seconds from the window's load event. Please make sure it has an appropriate `as` value and it is preloaded intentionally. @ https://web3tv2.dev/video/documentaries/chapters-1781695903225-1h0z?autoplay=true&list=:0
[11893997ms] [WARNING] The resource https://fonts.reown.com/KHTeka-Medium.woff2 was preloaded using link preload but not used within a few seconds from the window's load event. Please make sure it has an appropriate `as` value and it is preloaded intentionally. @ https://web3tv2.dev/video/documentaries/chapters-1781695903225-1h0z?autoplay=true&list=:0
[12014015ms] [WARNING] The resource https://fonts.reown.com/KHTeka-Medium.woff2 was preloaded using link preload but not used within a few seconds from the window's load event. Please make sure it has an appropriate `as` value and it is preloaded intentionally. @ https://web3tv2.dev/video/documentaries/chapters-1781695903225-1h0z?autoplay=true&list=:0
[12133954ms] [WARNING] The resource https://fonts.reown.com/KHTeka-Medium.woff2 was preloaded using link preload but not used within a few seconds from the window's load event. Please make sure it has an appropriate `as` value and it is preloaded intentionally. @ https://web3tv2.dev/video/documentaries/chapters-1781695903225-1h0z?autoplay=true&list=:0
[12253991ms] [WARNING] The resource https://fonts.reown.com/KHTeka-Medium.woff2 was preloaded using link preload but not used within a few seconds from the window's load event. Please make sure it has an appropriate `as` value and it is preloaded intentionally. @ https://web3tv2.dev/video/documentaries/chapters-1781695903225-1h0z?autoplay=true&list=:0
[12373953ms] [WARNING] The resource https://fonts.reown.com/KHTeka-Medium.woff2 was preloaded using link preload but not used within a few seconds from the window's load event. Please make sure it has an appropriate `as` value and it is preloaded intentionally. @ https://web3tv2.dev/video/documentaries/chapters-1781695903225-1h0z?autoplay=true&list=:0
[12493946ms] [WARNING] The resource https://fonts.reown.com/KHTeka-Medium.woff2 was preloaded using link preload but not used within a few seconds from the window's load event. Please make sure it has an appropriate `as` value and it is preloaded intentionally. @ https://web3tv2.dev/video/documentaries/chapters-1781695903225-1h0z?autoplay=true&list=:0
[12614023ms] [WARNING] The resource https://fonts.reown.com/KHTeka-Medium.woff2 was preloaded using link preload but not used within a few seconds from the window's load event. Please make sure it has an appropriate `as` value and it is preloaded intentionally. @ https://web3tv2.dev/video/documentaries/chapters-1781695903225-1h0z?autoplay=true&list=:0
[12734093ms] [WARNING] The resource https://fonts.reown.com/KHTeka-Medium.woff2 was preloaded using link preload but not used within a few seconds from the window's load event. Please make sure it has an appropriate `as` value and it is preloaded intentionally. @ https://web3tv2.dev/video/documentaries/chapters-1781695903225-1h0z?autoplay=true&list=:0
[12853949ms] [WARNING] The resource https://fonts.reown.com/KHTeka-Medium.woff2 was preloaded using link preload but not used within a few seconds from the window's load event. Please make sure it has an appropriate `as` value and it is preloaded intentionally. @ https://web3tv2.dev/video/documentaries/chapters-1781695903225-1h0z?autoplay=true&list=:0
[12973958ms] [WARNING] The resource https://fonts.reown.com/KHTeka-Medium.woff2 was preloaded using link preload but not used within a few seconds from the window's load event. Please make sure it has an appropriate `as` value and it is preloaded intentionally. @ https://web3tv2.dev/video/documentaries/chapters-1781695903225-1h0z?autoplay=true&list=:0
[13093970ms] [WARNING] The resource https://fonts.reown.com/KHTeka-Medium.woff2 was preloaded using link preload but not used within a few seconds from the window's load event. Please make sure it has an appropriate `as` value and it is preloaded intentionally. @ https://web3tv2.dev/video/documentaries/chapters-1781695903225-1h0z?autoplay=true&list=:0
[13213958ms] [WARNING] The resource https://fonts.reown.com/KHTeka-Medium.woff2 was preloaded using link preload but not used within a few seconds from the window's load event. Please make sure it has an appropriate `as` value and it is preloaded intentionally. @ https://web3tv2.dev/video/documentaries/chapters-1781695903225-1h0z?autoplay=true&list=:0
[13333965ms] [WARNING] The resource https://fonts.reown.com/KHTeka-Medium.woff2 was preloaded using link preload but not used within a few seconds from the window's load event. Please make sure it has an appropriate `as` value and it is preloaded intentionally. @ https://web3tv2.dev/video/documentaries/chapters-1781695903225-1h0z?autoplay=true&list=:0
[13454438ms] [WARNING] The resource https://fonts.reown.com/KHTeka-Medium.woff2 was preloaded using link preload but not used within a few seconds from the window's load event. Please make sure it has an appropriate `as` value and it is preloaded intentionally. @ https://web3tv2.dev/video/documentaries/chapters-1781695903225-1h0z?autoplay=true&list=:0
[13573955ms] [WARNING] The resource https://fonts.reown.com/KHTeka-Medium.woff2 was preloaded using link preload but not used within a few seconds from the window's load event. Please make sure it has an appropriate `as` value and it is preloaded intentionally. @ https://web3tv2.dev/video/documentaries/chapters-1781695903225-1h0z?autoplay=true&list=:0
[13694059ms] [WARNING] The resource https://fonts.reown.com/KHTeka-Medium.woff2 was preloaded using link preload but not used within a few seconds from the window's load event. Please make sure it has an appropriate `as` value and it is preloaded intentionally. @ https://web3tv2.dev/video/documentaries/chapters-1781695903225-1h0z?autoplay=true&list=:0
[13813974ms] [WARNING] The resource https://fonts.reown.com/KHTeka-Medium.woff2 was preloaded using link preload but not used within a few seconds from the window's load event. Please make sure it has an appropriate `as` value and it is preloaded intentionally. @ https://web3tv2.dev/video/documentaries/chapters-1781695903225-1h0z?autoplay=true&list=:0
[13934036ms] [WARNING] The resource https://fonts.reown.com/KHTeka-Medium.woff2 was preloaded using link preload but not used within a few seconds from the window's load event. Please make sure it has an appropriate `as` value and it is preloaded intentionally. @ https://web3tv2.dev/video/documentaries/chapters-1781695903225-1h0z?autoplay=true&list=:0
