[    9831ms] [WARNING] The resource https://fonts.reown.com/KHTeka-Medium.woff2 was preloaded using link preload but not used within a few seconds from the window's load event. Please make sure it has an appropriate `as` value and it is preloaded intentionally. @ https://web3tv2.dev/:0
[   15642ms] [WARNING] The resource https://fonts.reown.com/KHTeka-Medium.woff2 was preloaded using link preload but not used within a few seconds from the window's load event. Please make sure it has an appropriate `as` value and it is preloaded intentionally. @ https://web3tv2.dev/:0
[   20535ms] [WARNING] The resource https://fonts.reown.com/KHTeka-Medium.woff2 was preloaded using link preload but not used within a few seconds from the window's load event. Please make sure it has an appropriate `as` value and it is preloaded intentionally. @ https://web3tv2.dev/:0
[   37567ms] [WARNING] The resource https://fonts.reown.com/KHTeka-Medium.woff2 was preloaded using link preload but not used within a few seconds from the window's load event. Please make sure it has an appropriate `as` value and it is preloaded intentionally. @ https://web3tv2.dev/:0
[   55234ms] [WARNING] The resource https://fonts.reown.com/KHTeka-Medium.woff2 was preloaded using link preload but not used within a few seconds from the window's load event. Please make sure it has an appropriate `as` value and it is preloaded intentionally. @ https://web3tv2.dev/:0
[   68364ms] [WARNING] The resource https://fonts.reown.com/KHTeka-Medium.woff2 was preloaded using link preload but not used within a few seconds from the window's load event. Please make sure it has an appropriate `as` value and it is preloaded intentionally. @ https://web3tv2.dev/:0
[   83690ms] [WARNING] The resource https://fonts.reown.com/KHTeka-Medium.woff2 was preloaded using link preload but not used within a few seconds from the window's load event. Please make sure it has an appropriate `as` value and it is preloaded intentionally. @ https://web3tv2.dev/:0
[   99738ms] [WARNING] The resource https://fonts.reown.com/KHTeka-Medium.woff2 was preloaded using link preload but not used within a few seconds from the window's load event. Please make sure it has an appropriate `as` value and it is preloaded intentionally. @ https://web3tv2.dev/:0
[  115783ms] [WARNING] The resource https://fonts.reown.com/KHTeka-Medium.woff2 was preloaded using link preload but not used within a few seconds from the window's load event. Please make sure it has an appropriate `as` value and it is preloaded intentionally. @ https://web3tv2.dev/:0
[  131978ms] [WARNING] The resource https://fonts.reown.com/KHTeka-Medium.woff2 was preloaded using link preload but not used within a few seconds from the window's load event. Please make sure it has an appropriate `as` value and it is preloaded intentionally. @ https://web3tv2.dev/:0
[  147816ms] [WARNING] The resource https://fonts.reown.com/KHTeka-Medium.woff2 was preloaded using link preload but not used within a few seconds from the window's load event. Please make sure it has an appropriate `as` value and it is preloaded intentionally. @ https://web3tv2.dev/:0
[  163866ms] [WARNING] The resource https://fonts.reown.com/KHTeka-Medium.woff2 was preloaded using link preload but not used within a few seconds from the window's load event. Please make sure it has an appropriate `as` value and it is preloaded intentionally. @ https://web3tv2.dev/:0
[  179877ms] [WARNING] The resource https://fonts.reown.com/KHTeka-Medium.woff2 was preloaded using link preload but not used within a few seconds from the window's load event. Please make sure it has an appropriate `as` value and it is preloaded intentionally. @ https://web3tv2.dev/:0
[  195983ms] [WARNING] The resource https://fonts.reown.com/KHTeka-Medium.woff2 was preloaded using link preload but not used within a few seconds from the window's load event. Please make sure it has an appropriate `as` value and it is preloaded intentionally. @ https://web3tv2.dev/:0
[  212056ms] [WARNING] The resource https://fonts.reown.com/KHTeka-Medium.woff2 was preloaded using link preload but not used within a few seconds from the window's load event. Please make sure it has an appropriate `as` value and it is preloaded intentionally. @ https://web3tv2.dev/:0
[  228047ms] [WARNING] The resource https://fonts.reown.com/KHTeka-Medium.woff2 was preloaded using link preload but not used within a few seconds from the window's load event. Please make sure it has an appropriate `as` value and it is preloaded intentionally. @ https://web3tv2.dev/:0
[  244106ms] [WARNING] The resource https://fonts.reown.com/KHTeka-Medium.woff2 was preloaded using link preload but not used within a few seconds from the window's load event. Please make sure it has an appropriate `as` value and it is preloaded intentionally. @ https://web3tv2.dev/:0
[  260166ms] [WARNING] The resource https://fonts.reown.com/KHTeka-Medium.woff2 was preloaded using link preload but not used within a few seconds from the window's load event. Please make sure it has an appropriate `as` value and it is preloaded intentionally. @ https://web3tv2.dev/:0
[  276129ms] [WARNING] The resource https://fonts.reown.com/KHTeka-Medium.woff2 was preloaded using link preload but not used within a few seconds from the window's load event. Please make sure it has an appropriate `as` value and it is preloaded intentionally. @ https://web3tv2.dev/:0
[  292305ms] [WARNING] The resource https://fonts.reown.com/KHTeka-Medium.woff2 was preloaded using link preload but not used within a few seconds from the window's load event. Please make sure it has an appropriate `as` value and it is preloaded intentionally. @ https://web3tv2.dev/:0
[  308214ms] [WARNING] The resource https://fonts.reown.com/KHTeka-Medium.woff2 was preloaded using link preload but not used within a few seconds from the window's load event. Please make sure it has an appropriate `as` value and it is preloaded intentionally. @ https://web3tv2.dev/:0
[  324228ms] [WARNING] The resource https://fonts.reown.com/KHTeka-Medium.woff2 was preloaded using link preload but not used within a few seconds from the window's load event. Please make sure it has an appropriate `as` value and it is preloaded intentionally. @ https://web3tv2.dev/:0
[  340283ms] [WARNING] The resource https://fonts.reown.com/KHTeka-Medium.woff2 was preloaded using link preload but not used within a few seconds from the window's load event. Please make sure it has an appropriate `as` value and it is preloaded intentionally. @ https://web3tv2.dev/:0
[  348266ms] [WARNING] The resource https://fonts.reown.com/KHTeka-Medium.woff2 was preloaded using link preload but not used within a few seconds from the window's load event. Please make sure it has an appropriate `as` value and it is preloaded intentionally. @ https://web3tv2.dev/:0
[  356324ms] [WARNING] The resource https://fonts.reown.com/KHTeka-Medium.woff2 was preloaded using link preload but not used within a few seconds from the window's load event. Please make sure it has an appropriate `as` value and it is preloaded intentionally. @ https://web3tv2.dev/:0
[  372436ms] [WARNING] The resource https://fonts.reown.com/KHTeka-Medium.woff2 was preloaded using link preload but not used within a few seconds from the window's load event. Please make sure it has an appropriate `as` value and it is preloaded intentionally. @ https://web3tv2.dev/:0
[  388528ms] [WARNING] The resource https://fonts.reown.com/KHTeka-Medium.woff2 was preloaded using link preload but not used within a few seconds from the window's load event. Please make sure it has an appropriate `as` value and it is preloaded intentionally. @ https://web3tv2.dev/:0
[  404459ms] [WARNING] The resource https://fonts.reown.com/KHTeka-Medium.woff2 was preloaded using link preload but not used within a few seconds from the window's load event. Please make sure it has an appropriate `as` value and it is preloaded intentionally. @ https://web3tv2.dev/:0
[  415077ms] [VERBOSE] [DOM] Password field is not contained in a form: (More info: https://goo.gl/9p2vKq) %o @ https://web3tv2.dev/:0
[  422957ms] [WARNING] The resource https://fonts.reown.com/KHTeka-Medium.woff2 was preloaded using link preload but not used within a few seconds from the window's load event. Please make sure it has an appropriate `as` value and it is preloaded intentionally. @ https://web3tv2.dev/:0
[  427383ms] [WARNING] The resource https://fonts.reown.com/KHTeka-Medium.woff2 was preloaded using link preload but not used within a few seconds from the window's load event. Please make sure it has an appropriate `as` value and it is preloaded intentionally. @ https://web3tv2.dev/:0
[  431775ms] [WARNING] The resource https://fonts.reown.com/KHTeka-Medium.woff2 was preloaded using link preload but not used within a few seconds from the window's load event. Please make sure it has an appropriate `as` value and it is preloaded intentionally. @ https://web3tv2.dev/:0
[  447760ms] [WARNING] The resource https://fonts.reown.com/KHTeka-Medium.woff2 was preloaded using link preload but not used within a few seconds from the window's load event. Please make sure it has an appropriate `as` value and it is preloaded intentionally. @ https://web3tv2.dev/:0
[  463914ms] [WARNING] The resource https://fonts.reown.com/KHTeka-Medium.woff2 was preloaded using link preload but not used within a few seconds from the window's load event. Please make sure it has an appropriate `as` value and it is preloaded intentionally. @ https://web3tv2.dev/:0
[  479974ms] [WARNING] The resource https://fonts.reown.com/KHTeka-Medium.woff2 was preloaded using link preload but not used within a few seconds from the window's load event. Please make sure it has an appropriate `as` value and it is preloaded intentionally. @ https://web3tv2.dev/:0
[  495879ms] [WARNING] The resource https://fonts.reown.com/KHTeka-Medium.woff2 was preloaded using link preload but not used within a few seconds from the window's load event. Please make sure it has an appropriate `as` value and it is preloaded intentionally. @ https://web3tv2.dev/:0
[  511899ms] [WARNING] The resource https://fonts.reown.com/KHTeka-Medium.woff2 was preloaded using link preload but not used within a few seconds from the window's load event. Please make sure it has an appropriate `as` value and it is preloaded intentionally. @ https://web3tv2.dev/:0
[  527956ms] [WARNING] The resource https://fonts.reown.com/KHTeka-Medium.woff2 was preloaded using link preload but not used within a few seconds from the window's load event. Please make sure it has an appropriate `as` value and it is preloaded intentionally. @ https://web3tv2.dev/:0
[  531445ms] [ERROR] Access to manifest at 'https://web3tv2.dev/aitv-site.webmanifest' (redirected from 'https://studio.web3tv2.dev/aitv-site.webmanifest') from origin 'https://studio.web3tv2.dev' has been blocked by CORS policy: No 'Access-Control-Allow-Origin' header is present on the requested resource. @ https://studio.web3tv2.dev/dashboard:0
[  531445ms] [ERROR] Failed to load resource: net::ERR_FAILED @ https://web3tv2.dev/aitv-site.webmanifest:0
[  531748ms] [ERROR] Access to manifest at 'https://web3tv2.dev/aitv-site.webmanifest' (redirected from 'https://studio.web3tv2.dev/aitv-site.webmanifest') from origin 'https://studio.web3tv2.dev' has been blocked by CORS policy: No 'Access-Control-Allow-Origin' header is present on the requested resource. @ https://studio.web3tv2.dev/dashboard:0
[  531748ms] [ERROR] Failed to load resource: net::ERR_FAILED @ https://web3tv2.dev/aitv-site.webmanifest:0
[  535942ms] [WARNING] The resource https://fonts.reown.com/KHTeka-Medium.woff2 was preloaded using link preload but not used within a few seconds from the window's load event. Please make sure it has an appropriate `as` value and it is preloaded intentionally. @ https://studio.web3tv2.dev/dashboard:0
[  539673ms] [WARNING] The resource https://fonts.reown.com/KHTeka-Medium.woff2 was preloaded using link preload but not used within a few seconds from the window's load event. Please make sure it has an appropriate `as` value and it is preloaded intentionally. @ https://studio.web3tv2.dev/dashboard:0
[  549128ms] [WARNING] The resource https://fonts.reown.com/KHTeka-Medium.woff2 was preloaded using link preload but not used within a few seconds from the window's load event. Please make sure it has an appropriate `as` value and it is preloaded intentionally. @ https://studio.web3tv2.dev/dashboard:0
[  654946ms] [WARNING] The resource https://fonts.reown.com/KHTeka-Medium.woff2 was preloaded using link preload but not used within a few seconds from the window's load event. Please make sure it has an appropriate `as` value and it is preloaded intentionally. @ https://studio.web3tv2.dev/dashboard:0
[  672453ms] [ERROR] Access to fetch at 'https://web3tv2.dev/community-guidelines' (redirected from 'https://studio.web3tv2.dev/community-guidelines?_rsc=yvxl6') from origin 'https://studio.web3tv2.dev' has been blocked by CORS policy: Response to preflight request doesn't pass access control check: No 'Access-Control-Allow-Origin' header is present on the requested resource. @ https://studio.web3tv2.dev/dashboard:0
[  672454ms] [ERROR] Failed to load resource: net::ERR_FAILED @ https://web3tv2.dev/community-guidelines:0
[  675456ms] [WARNING] The resource https://fonts.reown.com/KHTeka-Medium.woff2 was preloaded using link preload but not used within a few seconds from the window's load event. Please make sure it has an appropriate `as` value and it is preloaded intentionally. @ https://studio.web3tv2.dev/dashboard:0
[  720353ms] [WARNING] The resource https://fonts.reown.com/KHTeka-Medium.woff2 was preloaded using link preload but not used within a few seconds from the window's load event. Please make sure it has an appropriate `as` value and it is preloaded intentionally. @ https://studio.web3tv2.dev/dashboard:0
[  726768ms] [WARNING] The resource https://fonts.reown.com/KHTeka-Medium.woff2 was preloaded using link preload but not used within a few seconds from the window's load event. Please make sure it has an appropriate `as` value and it is preloaded intentionally. @ https://studio.web3tv2.dev/dashboard:0
[  736933ms] [WARNING] The resource https://fonts.reown.com/KHTeka-Medium.woff2 was preloaded using link preload but not used within a few seconds from the window's load event. Please make sure it has an appropriate `as` value and it is preloaded intentionally. @ https://studio.web3tv2.dev/dashboard:0
[  747110ms] [WARNING] The resource https://fonts.reown.com/KHTeka-Medium.woff2 was preloaded using link preload but not used within a few seconds from the window's load event. Please make sure it has an appropriate `as` value and it is preloaded intentionally. @ https://studio.web3tv2.dev/dashboard:0
[  751836ms] [WARNING] The resource https://fonts.reown.com/KHTeka-Medium.woff2 was preloaded using link preload but not used within a few seconds from the window's load event. Please make sure it has an appropriate `as` value and it is preloaded intentionally. @ https://studio.web3tv2.dev/dashboard:0
[  774277ms] [WARNING] The resource https://fonts.reown.com/KHTeka-Medium.woff2 was preloaded using link preload but not used within a few seconds from the window's load event. Please make sure it has an appropriate `as` value and it is preloaded intentionally. @ https://studio.web3tv2.dev/dashboard:0
[  846218ms] [WARNING] The resource https://fonts.reown.com/KHTeka-Medium.woff2 was preloaded using link preload but not used within a few seconds from the window's load event. Please make sure it has an appropriate `as` value and it is preloaded intentionally. @ https://studio.web3tv2.dev/dashboard:0
[  866389ms] [WARNING] The resource https://fonts.reown.com/KHTeka-Medium.woff2 was preloaded using link preload but not used within a few seconds from the window's load event. Please make sure it has an appropriate `as` value and it is preloaded intentionally. @ https://studio.web3tv2.dev/dashboard:0
[  912572ms] [WARNING] The resource https://fonts.reown.com/KHTeka-Medium.woff2 was preloaded using link preload but not used within a few seconds from the window's load event. Please make sure it has an appropriate `as` value and it is preloaded intentionally. @ https://studio.web3tv2.dev/dashboard:0
[  966223ms] [WARNING] The resource https://fonts.reown.com/KHTeka-Medium.woff2 was preloaded using link preload but not used within a few seconds from the window's load event. Please make sure it has an appropriate `as` value and it is preloaded intentionally. @ https://studio.web3tv2.dev/dashboard:0
[  991091ms] [WARNING] The resource https://fonts.reown.com/KHTeka-Medium.woff2 was preloaded using link preload but not used within a few seconds from the window's load event. Please make sure it has an appropriate `as` value and it is preloaded intentionally. @ https://studio.web3tv2.dev/dashboard:0
[ 1004818ms] [WARNING] The resource https://fonts.reown.com/KHTeka-Medium.woff2 was preloaded using link preload but not used within a few seconds from the window's load event. Please make sure it has an appropriate `as` value and it is preloaded intentionally. @ https://studio.web3tv2.dev/dashboard:0
[ 1034497ms] [WARNING] The resource https://fonts.reown.com/KHTeka-Medium.woff2 was preloaded using link preload but not used within a few seconds from the window's load event. Please make sure it has an appropriate `as` value and it is preloaded intentionally. @ https://studio.web3tv2.dev/dashboard:0
[ 1062715ms] [WARNING] The resource https://fonts.reown.com/KHTeka-Medium.woff2 was preloaded using link preload but not used within a few seconds from the window's load event. Please make sure it has an appropriate `as` value and it is preloaded intentionally. @ https://studio.web3tv2.dev/dashboard:0
[ 1084678ms] [ERROR] Access to fetch at 'https://web3tv2.dev/community-guidelines' (redirected from 'https://studio.web3tv2.dev/community-guidelines?_rsc=yvxl6') from origin 'https://studio.web3tv2.dev' has been blocked by CORS policy: Response to preflight request doesn't pass access control check: No 'Access-Control-Allow-Origin' header is present on the requested resource. @ https://studio.web3tv2.dev/dashboard:0
[ 1084678ms] [ERROR] Failed to load resource: net::ERR_FAILED @ https://web3tv2.dev/community-guidelines:0
[ 1087680ms] [WARNING] The resource https://fonts.reown.com/KHTeka-Medium.woff2 was preloaded using link preload but not used within a few seconds from the window's load event. Please make sure it has an appropriate `as` value and it is preloaded intentionally. @ https://studio.web3tv2.dev/dashboard:0
[ 1104305ms] [WARNING] The resource https://fonts.reown.com/KHTeka-Medium.woff2 was preloaded using link preload but not used within a few seconds from the window's load event. Please make sure it has an appropriate `as` value and it is preloaded intentionally. @ https://studio.web3tv2.dev/dashboard:0
[ 1110910ms] [WARNING] The resource https://fonts.reown.com/KHTeka-Medium.woff2 was preloaded using link preload but not used within a few seconds from the window's load event. Please make sure it has an appropriate `as` value and it is preloaded intentionally. @ https://studio.web3tv2.dev/dashboard:0
[ 1121097ms] [WARNING] The resource https://fonts.reown.com/KHTeka-Medium.woff2 was preloaded using link preload but not used within a few seconds from the window's load event. Please make sure it has an appropriate `as` value and it is preloaded intentionally. @ https://studio.web3tv2.dev/dashboard:0
[ 1131282ms] [WARNING] The resource https://fonts.reown.com/KHTeka-Medium.woff2 was preloaded using link preload but not used within a few seconds from the window's load event. Please make sure it has an appropriate `as` value and it is preloaded intentionally. @ https://studio.web3tv2.dev/dashboard:0
[ 1141453ms] [WARNING] The resource https://fonts.reown.com/KHTeka-Medium.woff2 was preloaded using link preload but not used within a few seconds from the window's load event. Please make sure it has an appropriate `as` value and it is preloaded intentionally. @ https://studio.web3tv2.dev/dashboard:0
[ 1151652ms] [WARNING] The resource https://fonts.reown.com/KHTeka-Medium.woff2 was preloaded using link preload but not used within a few seconds from the window's load event. Please make sure it has an appropriate `as` value and it is preloaded intentionally. @ https://studio.web3tv2.dev/dashboard:0
[ 1161845ms] [WARNING] The resource https://fonts.reown.com/KHTeka-Medium.woff2 was preloaded using link preload but not used within a few seconds from the window's load event. Please make sure it has an appropriate `as` value and it is preloaded intentionally. @ https://studio.web3tv2.dev/dashboard:0
[ 1292349ms] [LOG] TypeError: Failed to fetch
    at https://studio.web3tv2.dev/_next/static/chunks/0y86hezcdae_f.js:10:1811
    at a (https://studio.web3tv2.dev/_next/static/chunks/0fktk8ueggl~z.js:2:14663)
    at r (https://studio.web3tv2.dev/_next/static/chunks/0fktk8ueggl~z.js:2:15162)
    at https://studio.web3tv2.dev/_next/static/chunks/0fktk8ueggl~z.js:2:15302
    at n (https://studio.web3tv2.dev/_next/static/chunks/0y86hezcdae_f.js:7:4836) error @ https://studio.web3tv2.dev/_next/static/chunks/0y86hezcdae_f.js:9
[ 1292795ms] [ERROR] Access to manifest at 'https://web3tv2.dev/aitv-site.webmanifest' (redirected from 'https://studio.web3tv2.dev/aitv-site.webmanifest') from origin 'https://studio.web3tv2.dev' has been blocked by CORS policy: No 'Access-Control-Allow-Origin' header is present on the requested resource. @ https://studio.web3tv2.dev/content:0
[ 1292796ms] [ERROR] Failed to load resource: net::ERR_FAILED @ https://web3tv2.dev/aitv-site.webmanifest:0
[ 1292979ms] [ERROR] Access to manifest at 'https://web3tv2.dev/aitv-site.webmanifest' (redirected from 'https://studio.web3tv2.dev/aitv-site.webmanifest') from origin 'https://studio.web3tv2.dev' has been blocked by CORS policy: No 'Access-Control-Allow-Origin' header is present on the requested resource. @ https://studio.web3tv2.dev/content:0
[ 1292979ms] [ERROR] Failed to load resource: net::ERR_FAILED @ https://web3tv2.dev/aitv-site.webmanifest:0
[ 1297125ms] [WARNING] The resource https://fonts.reown.com/KHTeka-Medium.woff2 was preloaded using link preload but not used within a few seconds from the window's load event. Please make sure it has an appropriate `as` value and it is preloaded intentionally. @ https://studio.web3tv2.dev/content:0
[ 1300755ms] [WARNING] The resource https://fonts.reown.com/KHTeka-Medium.woff2 was preloaded using link preload but not used within a few seconds from the window's load event. Please make sure it has an appropriate `as` value and it is preloaded intentionally. @ https://studio.web3tv2.dev/content:0
[ 1306097ms] [WARNING] The resource https://fonts.reown.com/KHTeka-Medium.woff2 was preloaded using link preload but not used within a few seconds from the window's load event. Please make sure it has an appropriate `as` value and it is preloaded intentionally. @ https://studio.web3tv2.dev/content:0
[ 1416064ms] [WARNING] The resource https://fonts.reown.com/KHTeka-Medium.woff2 was preloaded using link preload but not used within a few seconds from the window's load event. Please make sure it has an appropriate `as` value and it is preloaded intentionally. @ https://studio.web3tv2.dev/content:0
[ 1536058ms] [WARNING] The resource https://fonts.reown.com/KHTeka-Medium.woff2 was preloaded using link preload but not used within a few seconds from the window's load event. Please make sure it has an appropriate `as` value and it is preloaded intentionally. @ https://studio.web3tv2.dev/content:0
[ 1656088ms] [WARNING] The resource https://fonts.reown.com/KHTeka-Medium.woff2 was preloaded using link preload but not used within a few seconds from the window's load event. Please make sure it has an appropriate `as` value and it is preloaded intentionally. @ https://studio.web3tv2.dev/content:0
[ 1776110ms] [WARNING] The resource https://fonts.reown.com/KHTeka-Medium.woff2 was preloaded using link preload but not used within a few seconds from the window's load event. Please make sure it has an appropriate `as` value and it is preloaded intentionally. @ https://studio.web3tv2.dev/content:0
[ 1896101ms] [WARNING] The resource https://fonts.reown.com/KHTeka-Medium.woff2 was preloaded using link preload but not used within a few seconds from the window's load event. Please make sure it has an appropriate `as` value and it is preloaded intentionally. @ https://studio.web3tv2.dev/content:0
[ 2016092ms] [WARNING] The resource https://fonts.reown.com/KHTeka-Medium.woff2 was preloaded using link preload but not used within a few seconds from the window's load event. Please make sure it has an appropriate `as` value and it is preloaded intentionally. @ https://studio.web3tv2.dev/content:0
[ 2136099ms] [WARNING] The resource https://fonts.reown.com/KHTeka-Medium.woff2 was preloaded using link preload but not used within a few seconds from the window's load event. Please make sure it has an appropriate `as` value and it is preloaded intentionally. @ https://studio.web3tv2.dev/content:0
[ 2256116ms] [WARNING] The resource https://fonts.reown.com/KHTeka-Medium.woff2 was preloaded using link preload but not used within a few seconds from the window's load event. Please make sure it has an appropriate `as` value and it is preloaded intentionally. @ https://studio.web3tv2.dev/content:0
[ 2376227ms] [WARNING] The resource https://fonts.reown.com/KHTeka-Medium.woff2 was preloaded using link preload but not used within a few seconds from the window's load event. Please make sure it has an appropriate `as` value and it is preloaded intentionally. @ https://studio.web3tv2.dev/content:0
[ 2496099ms] [WARNING] The resource https://fonts.reown.com/KHTeka-Medium.woff2 was preloaded using link preload but not used within a few seconds from the window's load event. Please make sure it has an appropriate `as` value and it is preloaded intentionally. @ https://studio.web3tv2.dev/content:0
[ 2616112ms] [WARNING] The resource https://fonts.reown.com/KHTeka-Medium.woff2 was preloaded using link preload but not used within a few seconds from the window's load event. Please make sure it has an appropriate `as` value and it is preloaded intentionally. @ https://studio.web3tv2.dev/content:0
[ 2652069ms] [WARNING] The resource https://fonts.reown.com/KHTeka-Medium.woff2 was preloaded using link preload but not used within a few seconds from the window's load event. Please make sure it has an appropriate `as` value and it is preloaded intentionally. @ https://studio.web3tv2.dev/content:0
[ 2736092ms] [WARNING] The resource https://fonts.reown.com/KHTeka-Medium.woff2 was preloaded using link preload but not used within a few seconds from the window's load event. Please make sure it has an appropriate `as` value and it is preloaded intentionally. @ https://studio.web3tv2.dev/content:0
[ 2856139ms] [WARNING] The resource https://fonts.reown.com/KHTeka-Medium.woff2 was preloaded using link preload but not used within a few seconds from the window's load event. Please make sure it has an appropriate `as` value and it is preloaded intentionally. @ https://studio.web3tv2.dev/content:0
[ 2976385ms] [WARNING] The resource https://fonts.reown.com/KHTeka-Medium.woff2 was preloaded using link preload but not used within a few seconds from the window's load event. Please make sure it has an appropriate `as` value and it is preloaded intentionally. @ https://studio.web3tv2.dev/content:0
[ 3096107ms] [WARNING] The resource https://fonts.reown.com/KHTeka-Medium.woff2 was preloaded using link preload but not used within a few seconds from the window's load event. Please make sure it has an appropriate `as` value and it is preloaded intentionally. @ https://studio.web3tv2.dev/content:0
[ 3216069ms] [WARNING] The resource https://fonts.reown.com/KHTeka-Medium.woff2 was preloaded using link preload but not used within a few seconds from the window's load event. Please make sure it has an appropriate `as` value and it is preloaded intentionally. @ https://studio.web3tv2.dev/content:0
[ 3336074ms] [WARNING] The resource https://fonts.reown.com/KHTeka-Medium.woff2 was preloaded using link preload but not used within a few seconds from the window's load event. Please make sure it has an appropriate `as` value and it is preloaded intentionally. @ https://studio.web3tv2.dev/content:0
[ 3401902ms] [ERROR] Access to manifest at 'https://web3tv2.dev/aitv-site.webmanifest' (redirected from 'https://studio.web3tv2.dev/aitv-site.webmanifest') from origin 'https://studio.web3tv2.dev' has been blocked by CORS policy: No 'Access-Control-Allow-Origin' header is present on the requested resource. @ https://studio.web3tv2.dev/dashboard:0
[ 3401903ms] [ERROR] Failed to load resource: net::ERR_FAILED @ https://web3tv2.dev/aitv-site.webmanifest:0
[ 3404636ms] [ERROR] Access to fetch at 'https://web3tv2.dev/community-guidelines' (redirected from 'https://studio.web3tv2.dev/community-guidelines?_rsc=yvxl6') from origin 'https://studio.web3tv2.dev' has been blocked by CORS policy: Response to preflight request doesn't pass access control check: No 'Access-Control-Allow-Origin' header is present on the requested resource. @ https://studio.web3tv2.dev/dashboard:0
[ 3404636ms] [ERROR] Failed to load resource: net::ERR_FAILED @ https://web3tv2.dev/community-guidelines:0
[ 3410437ms] [WARNING] The resource https://fonts.reown.com/KHTeka-Medium.woff2 was preloaded using link preload but not used within a few seconds from the window's load event. Please make sure it has an appropriate `as` value and it is preloaded intentionally. @ https://studio.web3tv2.dev/dashboard:0
[ 3415349ms] [WARNING] The resource https://fonts.reown.com/KHTeka-Medium.woff2 was preloaded using link preload but not used within a few seconds from the window's load event. Please make sure it has an appropriate `as` value and it is preloaded intentionally. @ https://studio.web3tv2.dev/dashboard:0
[ 3418748ms] [WARNING] The resource https://fonts.reown.com/KHTeka-Medium.woff2 was preloaded using link preload but not used within a few seconds from the window's load event. Please make sure it has an appropriate `as` value and it is preloaded intentionally. @ https://studio.web3tv2.dev/dashboard:0
[ 3423998ms] [WARNING] The resource https://fonts.reown.com/KHTeka-Medium.woff2 was preloaded using link preload but not used within a few seconds from the window's load event. Please make sure it has an appropriate `as` value and it is preloaded intentionally. @ https://studio.web3tv2.dev/dashboard:0
[ 3434155ms] [WARNING] The resource https://fonts.reown.com/KHTeka-Medium.woff2 was preloaded using link preload but not used within a few seconds from the window's load event. Please make sure it has an appropriate `as` value and it is preloaded intentionally. @ https://studio.web3tv2.dev/dashboard:0
[ 3444337ms] [WARNING] The resource https://fonts.reown.com/KHTeka-Medium.woff2 was preloaded using link preload but not used within a few seconds from the window's load event. Please make sure it has an appropriate `as` value and it is preloaded intentionally. @ https://studio.web3tv2.dev/dashboard:0
[ 3454553ms] [WARNING] The resource https://fonts.reown.com/KHTeka-Medium.woff2 was preloaded using link preload but not used within a few seconds from the window's load event. Please make sure it has an appropriate `as` value and it is preloaded intentionally. @ https://studio.web3tv2.dev/dashboard:0
[ 3464723ms] [WARNING] The resource https://fonts.reown.com/KHTeka-Medium.woff2 was preloaded using link preload but not used within a few seconds from the window's load event. Please make sure it has an appropriate `as` value and it is preloaded intentionally. @ https://studio.web3tv2.dev/dashboard:0
[ 3469310ms] [WARNING] The resource https://fonts.reown.com/KHTeka-Medium.woff2 was preloaded using link preload but not used within a few seconds from the window's load event. Please make sure it has an appropriate `as` value and it is preloaded intentionally. @ https://studio.web3tv2.dev/dashboard:0
[ 3469653ms] [ERROR] Failed to load resource: the server responded with a status of 400 () @ https://studio.web3tv2.dev/api/videos/update/4qgCLMrrJneKfbq37fN7Ps:0
[ 3472656ms] [WARNING] The resource https://fonts.reown.com/KHTeka-Medium.woff2 was preloaded using link preload but not used within a few seconds from the window's load event. Please make sure it has an appropriate `as` value and it is preloaded intentionally. @ https://studio.web3tv2.dev/dashboard:0
[ 3479364ms] [WARNING] The resource https://fonts.reown.com/KHTeka-Medium.woff2 was preloaded using link preload but not used within a few seconds from the window's load event. Please make sure it has an appropriate `as` value and it is preloaded intentionally. @ https://studio.web3tv2.dev/dashboard:0
[ 3489547ms] [WARNING] The resource https://fonts.reown.com/KHTeka-Medium.woff2 was preloaded using link preload but not used within a few seconds from the window's load event. Please make sure it has an appropriate `as` value and it is preloaded intentionally. @ https://studio.web3tv2.dev/dashboard:0
[ 3491401ms] [ERROR] Failed to load resource: the server responded with a status of 400 () @ https://studio.web3tv2.dev/api/videos/update/4qgCLMrrJneKfbq37fN7Ps:0
[ 3494404ms] [WARNING] The resource https://fonts.reown.com/KHTeka-Medium.woff2 was preloaded using link preload but not used within a few seconds from the window's load event. Please make sure it has an appropriate `as` value and it is preloaded intentionally. @ https://studio.web3tv2.dev/dashboard:0
[ 3499751ms] [WARNING] The resource https://fonts.reown.com/KHTeka-Medium.woff2 was preloaded using link preload but not used within a few seconds from the window's load event. Please make sure it has an appropriate `as` value and it is preloaded intentionally. @ https://studio.web3tv2.dev/dashboard:0
[ 3509950ms] [WARNING] The resource https://fonts.reown.com/KHTeka-Medium.woff2 was preloaded using link preload but not used within a few seconds from the window's load event. Please make sure it has an appropriate `as` value and it is preloaded intentionally. @ https://studio.web3tv2.dev/dashboard:0
[ 3520141ms] [WARNING] The resource https://fonts.reown.com/KHTeka-Medium.woff2 was preloaded using link preload but not used within a few seconds from the window's load event. Please make sure it has an appropriate `as` value and it is preloaded intentionally. @ https://studio.web3tv2.dev/dashboard:0
[ 3530341ms] [WARNING] The resource https://fonts.reown.com/KHTeka-Medium.woff2 was preloaded using link preload but not used within a few seconds from the window's load event. Please make sure it has an appropriate `as` value and it is preloaded intentionally. @ https://studio.web3tv2.dev/dashboard:0
[ 3536524ms] [WARNING] The resource https://fonts.reown.com/KHTeka-Medium.woff2 was preloaded using link preload but not used within a few seconds from the window's load event. Please make sure it has an appropriate `as` value and it is preloaded intentionally. @ https://studio.web3tv2.dev/dashboard:0
[ 3540530ms] [WARNING] The resource https://fonts.reown.com/KHTeka-Medium.woff2 was preloaded using link preload but not used within a few seconds from the window's load event. Please make sure it has an appropriate `as` value and it is preloaded intentionally. @ https://studio.web3tv2.dev/dashboard:0
[ 3550698ms] [WARNING] The resource https://fonts.reown.com/KHTeka-Medium.woff2 was preloaded using link preload but not used within a few seconds from the window's load event. Please make sure it has an appropriate `as` value and it is preloaded intentionally. @ https://studio.web3tv2.dev/dashboard:0
[ 3561773ms] [WARNING] The resource https://fonts.reown.com/KHTeka-Medium.woff2 was preloaded using link preload but not used within a few seconds from the window's load event. Please make sure it has an appropriate `as` value and it is preloaded intentionally. @ https://studio.web3tv2.dev/dashboard:0
[ 3571969ms] [WARNING] The resource https://fonts.reown.com/KHTeka-Medium.woff2 was preloaded using link preload but not used within a few seconds from the window's load event. Please make sure it has an appropriate `as` value and it is preloaded intentionally. @ https://studio.web3tv2.dev/dashboard:0
[ 3582128ms] [WARNING] The resource https://fonts.reown.com/KHTeka-Medium.woff2 was preloaded using link preload but not used within a few seconds from the window's load event. Please make sure it has an appropriate `as` value and it is preloaded intentionally. @ https://studio.web3tv2.dev/dashboard:0
[ 3592325ms] [WARNING] The resource https://fonts.reown.com/KHTeka-Medium.woff2 was preloaded using link preload but not used within a few seconds from the window's load event. Please make sure it has an appropriate `as` value and it is preloaded intentionally. @ https://studio.web3tv2.dev/dashboard:0
[ 3602503ms] [WARNING] The resource https://fonts.reown.com/KHTeka-Medium.woff2 was preloaded using link preload but not used within a few seconds from the window's load event. Please make sure it has an appropriate `as` value and it is preloaded intentionally. @ https://studio.web3tv2.dev/dashboard:0
[ 3612677ms] [WARNING] The resource https://fonts.reown.com/KHTeka-Medium.woff2 was preloaded using link preload but not used within a few seconds from the window's load event. Please make sure it has an appropriate `as` value and it is preloaded intentionally. @ https://studio.web3tv2.dev/dashboard:0
[ 3656518ms] [WARNING] The resource https://fonts.reown.com/KHTeka-Medium.woff2 was preloaded using link preload but not used within a few seconds from the window's load event. Please make sure it has an appropriate `as` value and it is preloaded intentionally. @ https://studio.web3tv2.dev/dashboard:0
[ 3777028ms] [WARNING] The resource https://fonts.reown.com/KHTeka-Medium.woff2 was preloaded using link preload but not used within a few seconds from the window's load event. Please make sure it has an appropriate `as` value and it is preloaded intentionally. @ https://studio.web3tv2.dev/dashboard:0
[ 3990744ms] [LOG] TypeError: Failed to fetch
    at https://studio.web3tv2.dev/_next/static/chunks/0y86hezcdae_f.js:10:1811
    at a (https://studio.web3tv2.dev/_next/static/chunks/0fktk8ueggl~z.js:2:14663)
    at r (https://studio.web3tv2.dev/_next/static/chunks/0fktk8ueggl~z.js:2:15162)
    at https://studio.web3tv2.dev/_next/static/chunks/0fktk8ueggl~z.js:2:15302
    at n (https://studio.web3tv2.dev/_next/static/chunks/0y86hezcdae_f.js:7:4836) error @ https://studio.web3tv2.dev/_next/static/chunks/0y86hezcdae_f.js:9
[ 3995960ms] [WARNING] The resource https://fonts.reown.com/KHTeka-Medium.woff2 was preloaded using link preload but not used within a few seconds from the window's load event. Please make sure it has an appropriate `as` value and it is preloaded intentionally. @ https://studio.web3tv2.dev/dashboard:0
[ 3998574ms] [ERROR] Access to manifest at 'https://web3tv2.dev/aitv-site.webmanifest' (redirected from 'https://studio.web3tv2.dev/aitv-site.webmanifest') from origin 'https://studio.web3tv2.dev' has been blocked by CORS policy: No 'Access-Control-Allow-Origin' header is present on the requested resource. @ https://studio.web3tv2.dev/dashboard:0
[ 3998574ms] [ERROR] Failed to load resource: net::ERR_FAILED @ https://web3tv2.dev/aitv-site.webmanifest:0
[ 4002303ms] [ERROR] Access to fetch at 'https://web3tv2.dev/community-guidelines' (redirected from 'https://studio.web3tv2.dev/community-guidelines?_rsc=yvxl6') from origin 'https://studio.web3tv2.dev' has been blocked by CORS policy: Response to preflight request doesn't pass access control check: No 'Access-Control-Allow-Origin' header is present on the requested resource. @ https://studio.web3tv2.dev/dashboard:0
[ 4002303ms] [ERROR] Failed to load resource: net::ERR_FAILED @ https://web3tv2.dev/community-guidelines:0
[ 4013359ms] [WARNING] The resource https://fonts.reown.com/KHTeka-Medium.woff2 was preloaded using link preload but not used within a few seconds from the window's load event. Please make sure it has an appropriate `as` value and it is preloaded intentionally. @ https://studio.web3tv2.dev/dashboard:0
[ 4023545ms] [WARNING] The resource https://fonts.reown.com/KHTeka-Medium.woff2 was preloaded using link preload but not used within a few seconds from the window's load event. Please make sure it has an appropriate `as` value and it is preloaded intentionally. @ https://studio.web3tv2.dev/dashboard:0
[ 4033761ms] [WARNING] The resource https://fonts.reown.com/KHTeka-Medium.woff2 was preloaded using link preload but not used within a few seconds from the window's load event. Please make sure it has an appropriate `as` value and it is preloaded intentionally. @ https://studio.web3tv2.dev/dashboard:0
[ 4132186ms] [WARNING] The resource https://fonts.reown.com/KHTeka-Medium.woff2 was preloaded using link preload but not used within a few seconds from the window's load event. Please make sure it has an appropriate `as` value and it is preloaded intentionally. @ https://studio.web3tv2.dev/dashboard:0
[ 4252223ms] [WARNING] The resource https://fonts.reown.com/KHTeka-Medium.woff2 was preloaded using link preload but not used within a few seconds from the window's load event. Please make sure it has an appropriate `as` value and it is preloaded intentionally. @ https://studio.web3tv2.dev/dashboard:0
[ 4372154ms] [WARNING] The resource https://fonts.reown.com/KHTeka-Medium.woff2 was preloaded using link preload but not used within a few seconds from the window's load event. Please make sure it has an appropriate `as` value and it is preloaded intentionally. @ https://studio.web3tv2.dev/dashboard:0
[ 4492469ms] [WARNING] The resource https://fonts.reown.com/KHTeka-Medium.woff2 was preloaded using link preload but not used within a few seconds from the window's load event. Please make sure it has an appropriate `as` value and it is preloaded intentionally. @ https://studio.web3tv2.dev/dashboard:0
[ 4612202ms] [WARNING] The resource https://fonts.reown.com/KHTeka-Medium.woff2 was preloaded using link preload but not used within a few seconds from the window's load event. Please make sure it has an appropriate `as` value and it is preloaded intentionally. @ https://studio.web3tv2.dev/dashboard:0
[ 4732226ms] [WARNING] The resource https://fonts.reown.com/KHTeka-Medium.woff2 was preloaded using link preload but not used within a few seconds from the window's load event. Please make sure it has an appropriate `as` value and it is preloaded intentionally. @ https://studio.web3tv2.dev/dashboard:0
[ 4870047ms] [WARNING] The resource https://fonts.reown.com/KHTeka-Medium.woff2 was preloaded using link preload but not used within a few seconds from the window's load event. Please make sure it has an appropriate `as` value and it is preloaded intentionally. @ https://studio.web3tv2.dev/dashboard:0
[ 4972197ms] [WARNING] The resource https://fonts.reown.com/KHTeka-Medium.woff2 was preloaded using link preload but not used within a few seconds from the window's load event. Please make sure it has an appropriate `as` value and it is preloaded intentionally. @ https://studio.web3tv2.dev/dashboard:0
[ 5092143ms] [WARNING] The resource https://fonts.reown.com/KHTeka-Medium.woff2 was preloaded using link preload but not used within a few seconds from the window's load event. Please make sure it has an appropriate `as` value and it is preloaded intentionally. @ https://studio.web3tv2.dev/dashboard:0
[ 5212185ms] [WARNING] The resource https://fonts.reown.com/KHTeka-Medium.woff2 was preloaded using link preload but not used within a few seconds from the window's load event. Please make sure it has an appropriate `as` value and it is preloaded intentionally. @ https://studio.web3tv2.dev/dashboard:0
[ 5332263ms] [WARNING] The resource https://fonts.reown.com/KHTeka-Medium.woff2 was preloaded using link preload but not used within a few seconds from the window's load event. Please make sure it has an appropriate `as` value and it is preloaded intentionally. @ https://studio.web3tv2.dev/dashboard:0
[ 5452188ms] [WARNING] The resource https://fonts.reown.com/KHTeka-Medium.woff2 was preloaded using link preload but not used within a few seconds from the window's load event. Please make sure it has an appropriate `as` value and it is preloaded intentionally. @ https://studio.web3tv2.dev/dashboard:0
[ 5572165ms] [WARNING] The resource https://fonts.reown.com/KHTeka-Medium.woff2 was preloaded using link preload but not used within a few seconds from the window's load event. Please make sure it has an appropriate `as` value and it is preloaded intentionally. @ https://studio.web3tv2.dev/dashboard:0
[ 5620276ms] [ERROR] Access to manifest at 'https://web3tv2.dev/aitv-site.webmanifest' (redirected from 'https://studio.web3tv2.dev/aitv-site.webmanifest') from origin 'https://studio.web3tv2.dev' has been blocked by CORS policy: No 'Access-Control-Allow-Origin' header is present on the requested resource. @ https://studio.web3tv2.dev/dashboard:0
[ 5620277ms] [ERROR] Failed to load resource: net::ERR_FAILED @ https://web3tv2.dev/aitv-site.webmanifest:0
[ 5622816ms] [ERROR] Access to fetch at 'https://web3tv2.dev/community-guidelines' (redirected from 'https://studio.web3tv2.dev/community-guidelines?_rsc=yvxl6') from origin 'https://studio.web3tv2.dev' has been blocked by CORS policy: Response to preflight request doesn't pass access control check: No 'Access-Control-Allow-Origin' header is present on the requested resource. @ https://studio.web3tv2.dev/dashboard:0
[ 5622816ms] [ERROR] Failed to load resource: net::ERR_FAILED @ https://web3tv2.dev/community-guidelines:0
[ 5637471ms] [WARNING] The resource https://fonts.reown.com/KHTeka-Medium.woff2 was preloaded using link preload but not used within a few seconds from the window's load event. Please make sure it has an appropriate `as` value and it is preloaded intentionally. @ https://studio.web3tv2.dev/dashboard:0
[ 5646037ms] [WARNING] The resource https://fonts.reown.com/KHTeka-Medium.woff2 was preloaded using link preload but not used within a few seconds from the window's load event. Please make sure it has an appropriate `as` value and it is preloaded intentionally. @ https://studio.web3tv2.dev/dashboard:0
[ 5659280ms] [WARNING] The resource https://fonts.reown.com/KHTeka-Medium.woff2 was preloaded using link preload but not used within a few seconds from the window's load event. Please make sure it has an appropriate `as` value and it is preloaded intentionally. @ https://studio.web3tv2.dev/dashboard:0
[ 5663487ms] [WARNING] The resource https://fonts.reown.com/KHTeka-Medium.woff2 was preloaded using link preload but not used within a few seconds from the window's load event. Please make sure it has an appropriate `as` value and it is preloaded intentionally. @ https://studio.web3tv2.dev/dashboard:0
[ 5671753ms] [ERROR] Access to manifest at 'https://web3tv2.dev/aitv-site.webmanifest' (redirected from 'https://studio.web3tv2.dev/aitv-site.webmanifest') from origin 'https://studio.web3tv2.dev' has been blocked by CORS policy: No 'Access-Control-Allow-Origin' header is present on the requested resource. @ https://studio.web3tv2.dev/dashboard:0
[ 5671753ms] [ERROR] Failed to load resource: net::ERR_FAILED @ https://web3tv2.dev/aitv-site.webmanifest:0
[ 5675353ms] [WARNING] The resource https://fonts.reown.com/KHTeka-Medium.woff2 was preloaded using link preload but not used within a few seconds from the window's load event. Please make sure it has an appropriate `as` value and it is preloaded intentionally. @ https://studio.web3tv2.dev/dashboard:0
[ 5681303ms] [WARNING] The resource https://fonts.reown.com/KHTeka-Medium.woff2 was preloaded using link preload but not used within a few seconds from the window's load event. Please make sure it has an appropriate `as` value and it is preloaded intentionally. @ https://studio.web3tv2.dev/dashboard:0
[ 5685004ms] [WARNING] The resource https://fonts.reown.com/KHTeka-Medium.woff2 was preloaded using link preload but not used within a few seconds from the window's load event. Please make sure it has an appropriate `as` value and it is preloaded intentionally. @ https://studio.web3tv2.dev/dashboard:0
[ 5689292ms] [ERROR] Access to manifest at 'https://web3tv2.dev/aitv-site.webmanifest' (redirected from 'https://studio.web3tv2.dev/aitv-site.webmanifest') from origin 'https://studio.web3tv2.dev' has been blocked by CORS policy: No 'Access-Control-Allow-Origin' header is present on the requested resource. @ https://studio.web3tv2.dev/content:0
[ 5689292ms] [ERROR] Failed to load resource: net::ERR_FAILED @ https://web3tv2.dev/aitv-site.webmanifest:0
[ 5692120ms] [ERROR] Access to manifest at 'https://web3tv2.dev/aitv-site.webmanifest' (redirected from 'https://studio.web3tv2.dev/aitv-site.webmanifest') from origin 'https://studio.web3tv2.dev' has been blocked by CORS policy: No 'Access-Control-Allow-Origin' header is present on the requested resource. @ https://studio.web3tv2.dev/content?type=playlist:0
[ 5692120ms] [ERROR] Failed to load resource: net::ERR_FAILED @ https://web3tv2.dev/aitv-site.webmanifest:0
[ 5693587ms] [ERROR] Access to manifest at 'https://web3tv2.dev/aitv-site.webmanifest' (redirected from 'https://studio.web3tv2.dev/aitv-site.webmanifest') from origin 'https://studio.web3tv2.dev' has been blocked by CORS policy: No 'Access-Control-Allow-Origin' header is present on the requested resource. @ https://studio.web3tv2.dev/dashboard:0
[ 5693587ms] [ERROR] Failed to load resource: net::ERR_FAILED @ https://web3tv2.dev/aitv-site.webmanifest:0
[ 5696493ms] [ERROR] Access to fetch at 'https://web3tv2.dev/community-guidelines' (redirected from 'https://studio.web3tv2.dev/community-guidelines?_rsc=yvxl6') from origin 'https://studio.web3tv2.dev' has been blocked by CORS policy: Response to preflight request doesn't pass access control check: No 'Access-Control-Allow-Origin' header is present on the requested resource. @ https://studio.web3tv2.dev/dashboard:0
[ 5696493ms] [ERROR] Failed to load resource: net::ERR_FAILED @ https://web3tv2.dev/community-guidelines:0
[ 5709260ms] [WARNING] The resource https://fonts.reown.com/KHTeka-Medium.woff2 was preloaded using link preload but not used within a few seconds from the window's load event. Please make sure it has an appropriate `as` value and it is preloaded intentionally. @ https://studio.web3tv2.dev/dashboard:0
[ 5719464ms] [WARNING] The resource https://fonts.reown.com/KHTeka-Medium.woff2 was preloaded using link preload but not used within a few seconds from the window's load event. Please make sure it has an appropriate `as` value and it is preloaded intentionally. @ https://studio.web3tv2.dev/dashboard:0
[ 5729669ms] [WARNING] The resource https://fonts.reown.com/KHTeka-Medium.woff2 was preloaded using link preload but not used within a few seconds from the window's load event. Please make sure it has an appropriate `as` value and it is preloaded intentionally. @ https://studio.web3tv2.dev/dashboard:0
[ 5827535ms] [WARNING] The resource https://fonts.reown.com/KHTeka-Medium.woff2 was preloaded using link preload but not used within a few seconds from the window's load event. Please make sure it has an appropriate `as` value and it is preloaded intentionally. @ https://studio.web3tv2.dev/dashboard:0
[ 5947524ms] [WARNING] The resource https://fonts.reown.com/KHTeka-Medium.woff2 was preloaded using link preload but not used within a few seconds from the window's load event. Please make sure it has an appropriate `as` value and it is preloaded intentionally. @ https://studio.web3tv2.dev/dashboard:0
[ 6067548ms] [WARNING] The resource https://fonts.reown.com/KHTeka-Medium.woff2 was preloaded using link preload but not used within a few seconds from the window's load event. Please make sure it has an appropriate `as` value and it is preloaded intentionally. @ https://studio.web3tv2.dev/dashboard:0
[ 6187521ms] [WARNING] The resource https://fonts.reown.com/KHTeka-Medium.woff2 was preloaded using link preload but not used within a few seconds from the window's load event. Please make sure it has an appropriate `as` value and it is preloaded intentionally. @ https://studio.web3tv2.dev/dashboard:0
[ 6307507ms] [WARNING] The resource https://fonts.reown.com/KHTeka-Medium.woff2 was preloaded using link preload but not used within a few seconds from the window's load event. Please make sure it has an appropriate `as` value and it is preloaded intentionally. @ https://studio.web3tv2.dev/dashboard:0
[ 6427503ms] [WARNING] The resource https://fonts.reown.com/KHTeka-Medium.woff2 was preloaded using link preload but not used within a few seconds from the window's load event. Please make sure it has an appropriate `as` value and it is preloaded intentionally. @ https://studio.web3tv2.dev/dashboard:0
[ 6547496ms] [WARNING] The resource https://fonts.reown.com/KHTeka-Medium.woff2 was preloaded using link preload but not used within a few seconds from the window's load event. Please make sure it has an appropriate `as` value and it is preloaded intentionally. @ https://studio.web3tv2.dev/dashboard:0
[ 6667489ms] [WARNING] The resource https://fonts.reown.com/KHTeka-Medium.woff2 was preloaded using link preload but not used within a few seconds from the window's load event. Please make sure it has an appropriate `as` value and it is preloaded intentionally. @ https://studio.web3tv2.dev/dashboard:0
[ 6787482ms] [WARNING] The resource https://fonts.reown.com/KHTeka-Medium.woff2 was preloaded using link preload but not used within a few seconds from the window's load event. Please make sure it has an appropriate `as` value and it is preloaded intentionally. @ https://studio.web3tv2.dev/dashboard:0
[ 6907503ms] [WARNING] The resource https://fonts.reown.com/KHTeka-Medium.woff2 was preloaded using link preload but not used within a few seconds from the window's load event. Please make sure it has an appropriate `as` value and it is preloaded intentionally. @ https://studio.web3tv2.dev/dashboard:0
[ 7027516ms] [WARNING] The resource https://fonts.reown.com/KHTeka-Medium.woff2 was preloaded using link preload but not used within a few seconds from the window's load event. Please make sure it has an appropriate `as` value and it is preloaded intentionally. @ https://studio.web3tv2.dev/dashboard:0
[ 7148010ms] [WARNING] The resource https://fonts.reown.com/KHTeka-Medium.woff2 was preloaded using link preload but not used within a few seconds from the window's load event. Please make sure it has an appropriate `as` value and it is preloaded intentionally. @ https://studio.web3tv2.dev/dashboard:0
[ 7267541ms] [WARNING] The resource https://fonts.reown.com/KHTeka-Medium.woff2 was preloaded using link preload but not used within a few seconds from the window's load event. Please make sure it has an appropriate `as` value and it is preloaded intentionally. @ https://studio.web3tv2.dev/dashboard:0
[ 7387496ms] [WARNING] The resource https://fonts.reown.com/KHTeka-Medium.woff2 was preloaded using link preload but not used within a few seconds from the window's load event. Please make sure it has an appropriate `as` value and it is preloaded intentionally. @ https://studio.web3tv2.dev/dashboard:0
[ 7507509ms] [WARNING] The resource https://fonts.reown.com/KHTeka-Medium.woff2 was preloaded using link preload but not used within a few seconds from the window's load event. Please make sure it has an appropriate `as` value and it is preloaded intentionally. @ https://studio.web3tv2.dev/dashboard:0
[ 7627548ms] [WARNING] The resource https://fonts.reown.com/KHTeka-Medium.woff2 was preloaded using link preload but not used within a few seconds from the window's load event. Please make sure it has an appropriate `as` value and it is preloaded intentionally. @ https://studio.web3tv2.dev/dashboard:0
[ 7747507ms] [WARNING] The resource https://fonts.reown.com/KHTeka-Medium.woff2 was preloaded using link preload but not used within a few seconds from the window's load event. Please make sure it has an appropriate `as` value and it is preloaded intentionally. @ https://studio.web3tv2.dev/dashboard:0
[ 7867550ms] [WARNING] The resource https://fonts.reown.com/KHTeka-Medium.woff2 was preloaded using link preload but not used within a few seconds from the window's load event. Please make sure it has an appropriate `as` value and it is preloaded intentionally. @ https://studio.web3tv2.dev/dashboard:0
[ 7987537ms] [WARNING] The resource https://fonts.reown.com/KHTeka-Medium.woff2 was preloaded using link preload but not used within a few seconds from the window's load event. Please make sure it has an appropriate `as` value and it is preloaded intentionally. @ https://studio.web3tv2.dev/dashboard:0
[ 8110322ms] [WARNING] The resource https://fonts.reown.com/KHTeka-Medium.woff2 was preloaded using link preload but not used within a few seconds from the window's load event. Please make sure it has an appropriate `as` value and it is preloaded intentionally. @ https://studio.web3tv2.dev/dashboard:0
[ 8227504ms] [WARNING] The resource https://fonts.reown.com/KHTeka-Medium.woff2 was preloaded using link preload but not used within a few seconds from the window's load event. Please make sure it has an appropriate `as` value and it is preloaded intentionally. @ https://studio.web3tv2.dev/dashboard:0
[ 8347568ms] [WARNING] The resource https://fonts.reown.com/KHTeka-Medium.woff2 was preloaded using link preload but not used within a few seconds from the window's load event. Please make sure it has an appropriate `as` value and it is preloaded intentionally. @ https://studio.web3tv2.dev/dashboard:0
[ 8467527ms] [WARNING] The resource https://fonts.reown.com/KHTeka-Medium.woff2 was preloaded using link preload but not used within a few seconds from the window's load event. Please make sure it has an appropriate `as` value and it is preloaded intentionally. @ https://studio.web3tv2.dev/dashboard:0
[ 8587538ms] [WARNING] The resource https://fonts.reown.com/KHTeka-Medium.woff2 was preloaded using link preload but not used within a few seconds from the window's load event. Please make sure it has an appropriate `as` value and it is preloaded intentionally. @ https://studio.web3tv2.dev/dashboard:0
[ 8707531ms] [WARNING] The resource https://fonts.reown.com/KHTeka-Medium.woff2 was preloaded using link preload but not used within a few seconds from the window's load event. Please make sure it has an appropriate `as` value and it is preloaded intentionally. @ https://studio.web3tv2.dev/dashboard:0
[ 8827534ms] [WARNING] The resource https://fonts.reown.com/KHTeka-Medium.woff2 was preloaded using link preload but not used within a few seconds from the window's load event. Please make sure it has an appropriate `as` value and it is preloaded intentionally. @ https://studio.web3tv2.dev/dashboard:0
[ 8947504ms] [WARNING] The resource https://fonts.reown.com/KHTeka-Medium.woff2 was preloaded using link preload but not used within a few seconds from the window's load event. Please make sure it has an appropriate `as` value and it is preloaded intentionally. @ https://studio.web3tv2.dev/dashboard:0
[ 9067540ms] [WARNING] The resource https://fonts.reown.com/KHTeka-Medium.woff2 was preloaded using link preload but not used within a few seconds from the window's load event. Please make sure it has an appropriate `as` value and it is preloaded intentionally. @ https://studio.web3tv2.dev/dashboard:0
[ 9187568ms] [WARNING] The resource https://fonts.reown.com/KHTeka-Medium.woff2 was preloaded using link preload but not used within a few seconds from the window's load event. Please make sure it has an appropriate `as` value and it is preloaded intentionally. @ https://studio.web3tv2.dev/dashboard:0
[ 9307532ms] [WARNING] The resource https://fonts.reown.com/KHTeka-Medium.woff2 was preloaded using link preload but not used within a few seconds from the window's load event. Please make sure it has an appropriate `as` value and it is preloaded intentionally. @ https://studio.web3tv2.dev/dashboard:0
[ 9427673ms] [WARNING] The resource https://fonts.reown.com/KHTeka-Medium.woff2 was preloaded using link preload but not used within a few seconds from the window's load event. Please make sure it has an appropriate `as` value and it is preloaded intentionally. @ https://studio.web3tv2.dev/dashboard:0
[ 9547552ms] [WARNING] The resource https://fonts.reown.com/KHTeka-Medium.woff2 was preloaded using link preload but not used within a few seconds from the window's load event. Please make sure it has an appropriate `as` value and it is preloaded intentionally. @ https://studio.web3tv2.dev/dashboard:0
[ 9667551ms] [WARNING] The resource https://fonts.reown.com/KHTeka-Medium.woff2 was preloaded using link preload but not used within a few seconds from the window's load event. Please make sure it has an appropriate `as` value and it is preloaded intentionally. @ https://studio.web3tv2.dev/dashboard:0
